Start testing: Mar 19 16:45 CDT
----------------------------------------------------------
1/5 Testing: Test_of_Circle_Detection
1/5 Test: Test_of_Circle_Detection
Command: "/home/kevin/workspaces/SLAM/hw1/src/nuturtle-knella92/nuslam/build/circle_tests"
Directory: /home/kevin/workspaces/SLAM/hw1/src/nuturtle-knella92/nuslam/build
"Test_of_Circle_Detection" start time: Mar 19 16:45 CDT
Output:
----------------------------------------------------------
Randomness seeded to: 4101706491
===============================================================================
All tests passed (6 assertions in 1 test case)

<end of output>
Test time =   0.01 sec
----------------------------------------------------------
Test Passed.
"Test_of_Circle_Detection" end time: Mar 19 16:45 CDT
"Test_of_Circle_Detection" time elapsed: 00:00:00
----------------------------------------------------------

2/5 Testing: cppcheck
2/5 Test: cppcheck
Command: "/usr/bin/python3.10" "-u" "/opt/ros/humble/share/ament_cmake_test/cmake/run_test.py" "/home/kevin/workspaces/SLAM/hw1/src/nuturtle-knella92/nuslam/build/test_results/nuslam/cppcheck.xunit.xml" "--package-name" "nuslam" "--output-file" "/home/kevin/workspaces/SLAM/hw1/src/nuturtle-knella92/nuslam/build/ament_cppcheck/cppcheck.txt" "--command" "/opt/ros/humble/bin/ament_cppcheck" "--xunit-file" "/home/kevin/workspaces/SLAM/hw1/src/nuturtle-knella92/nuslam/build/test_results/nuslam/cppcheck.xunit.xml"
Directory: /home/kevin/workspaces/SLAM/hw1/src/nuturtle-knella92/nuslam
"cppcheck" start time: Mar 19 16:45 CDT
Output:
----------------------------------------------------------
-- run_test.py: invoking following command in '/home/kevin/workspaces/SLAM/hw1/src/nuturtle-knella92/nuslam':
 - /opt/ros/humble/bin/ament_cppcheck --xunit-file /home/kevin/workspaces/SLAM/hw1/src/nuturtle-knella92/nuslam/build/test_results/nuslam/cppcheck.xunit.xml
cppcheck 2.7 has known performance issues and therefore will not be used, set the AMENT_CPPCHECK_ALLOW_SLOW_VERSIONS environment variable to override this.
-- run_test.py: return code 0
-- run_test.py: verify result file '/home/kevin/workspaces/SLAM/hw1/src/nuturtle-knella92/nuslam/build/test_results/nuslam/cppcheck.xunit.xml'
<end of output>
Test time =   0.20 sec
----------------------------------------------------------
Test Passed.
"cppcheck" end time: Mar 19 16:45 CDT
"cppcheck" time elapsed: 00:00:00
----------------------------------------------------------

3/5 Testing: lint_cmake
3/5 Test: lint_cmake
Command: "/usr/bin/python3.10" "-u" "/opt/ros/humble/share/ament_cmake_test/cmake/run_test.py" "/home/kevin/workspaces/SLAM/hw1/src/nuturtle-knella92/nuslam/build/test_results/nuslam/lint_cmake.xunit.xml" "--package-name" "nuslam" "--output-file" "/home/kevin/workspaces/SLAM/hw1/src/nuturtle-knella92/nuslam/build/ament_lint_cmake/lint_cmake.txt" "--command" "/opt/ros/humble/bin/ament_lint_cmake" "--xunit-file" "/home/kevin/workspaces/SLAM/hw1/src/nuturtle-knella92/nuslam/build/test_results/nuslam/lint_cmake.xunit.xml"
Directory: /home/kevin/workspaces/SLAM/hw1/src/nuturtle-knella92/nuslam
"lint_cmake" start time: Mar 19 16:45 CDT
Output:
----------------------------------------------------------
-- run_test.py: invoking following command in '/home/kevin/workspaces/SLAM/hw1/src/nuturtle-knella92/nuslam':
 - /opt/ros/humble/bin/ament_lint_cmake --xunit-file /home/kevin/workspaces/SLAM/hw1/src/nuturtle-knella92/nuslam/build/test_results/nuslam/lint_cmake.xunit.xml
CMakeLists.txt:44: Line ends in whitespace [whitespace/eol]

build/CTestTestfile.cmake:1: Line ends in whitespace [whitespace/eol]
build/CTestTestfile.cmake:4: Line ends in whitespace [whitespace/eol]
build/CTestTestfile.cmake:5: Line ends in whitespace [whitespace/eol]
build/CTestTestfile.cmake:8: Lines should be <= 140 characters long [linelength]
build/CTestTestfile.cmake:9: Lines should be <= 140 characters long [linelength]
build/CTestTestfile.cmake:10: Lines should be <= 140 characters long [linelength]
build/CTestTestfile.cmake:11: Lines should be <= 140 characters long [linelength]
build/CTestTestfile.cmake:12: Lines should be <= 140 characters long [linelength]
build/CTestTestfile.cmake:13: Lines should be <= 140 characters long [linelength]
build/CTestTestfile.cmake:14: Lines should be <= 140 characters long [linelength]
build/CTestTestfile.cmake:15: Lines should be <= 140 characters long [linelength]
build/CTestTestfile.cmake:16: Lines should be <= 140 characters long [linelength]

build/cmake_install.cmake:13: Weird indentation; use 2 spaces [whitespace/indent]
build/cmake_install.cmake:46: Mismatching spaces inside () after command [whitespace/mismatch]
build/cmake_install.cmake:54: Weird indentation; use 2 spaces [whitespace/indent]
build/cmake_install.cmake:56: Weird indentation; use 2 spaces [whitespace/indent]
build/cmake_install.cmake:57: Weird indentation; use 2 spaces [whitespace/indent]
build/cmake_install.cmake:59: Lines should be <= 140 characters long [linelength]
build/cmake_install.cmake:61: Weird indentation; use 2 spaces [whitespace/indent]
build/cmake_install.cmake:63: Weird indentation; use 2 spaces [whitespace/indent]
build/cmake_install.cmake:64: Lines should be <= 140 characters long [linelength]
build/cmake_install.cmake:64: Weird indentation; use 2 spaces [whitespace/indent]
build/cmake_install.cmake:65: Weird indentation; use 2 spaces [whitespace/indent]
build/cmake_install.cmake:74: Weird indentation; use 2 spaces [whitespace/indent]
build/cmake_install.cmake:76: Weird indentation; use 2 spaces [whitespace/indent]
build/cmake_install.cmake:77: Weird indentation; use 2 spaces [whitespace/indent]
build/cmake_install.cmake:79: Lines should be <= 140 characters long [linelength]
build/cmake_install.cmake:81: Weird indentation; use 2 spaces [whitespace/indent]
build/cmake_install.cmake:83: Weird indentation; use 2 spaces [whitespace/indent]
build/cmake_install.cmake:84: Lines should be <= 140 characters long [linelength]
build/cmake_install.cmake:84: Weird indentation; use 2 spaces [whitespace/indent]
build/cmake_install.cmake:85: Weird indentation; use 2 spaces [whitespace/indent]
build/cmake_install.cmake:93: Lines should be <= 140 characters long [linelength]
build/cmake_install.cmake:97: Lines should be <= 140 characters long [linelength]
build/cmake_install.cmake:101: Lines should be <= 140 characters long [linelength]
build/cmake_install.cmake:105: Lines should be <= 140 characters long [linelength]
build/cmake_install.cmake:109: Lines should be <= 140 characters long [linelength]
build/cmake_install.cmake:113: Lines should be <= 140 characters long [linelength]
build/cmake_install.cmake:117: Lines should be <= 140 characters long [linelength]
build/cmake_install.cmake:121: Lines should be <= 140 characters long [linelength]
build/cmake_install.cmake:125: Lines should be <= 140 characters long [linelength]
build/cmake_install.cmake:129: Lines should be <= 140 characters long [linelength]
build/cmake_install.cmake:133: Lines should be <= 140 characters long [linelength]
build/cmake_install.cmake:137: Lines should be <= 140 characters long [linelength]
build/cmake_install.cmake:141: Mismatching spaces inside () after command [whitespace/mismatch]
build/cmake_install.cmake:148: Lines should be <= 140 characters long [linelength]
build/cmake_install.cmake:158: Weird indentation; use 2 spaces [whitespace/indent]
build/cmake_install.cmake:160: Weird indentation; use 2 spaces [whitespace/indent]

build/CMakeFiles/Makefile.cmake:8: Mismatching spaces inside () after command [whitespace/mismatch]
build/CMakeFiles/Makefile.cmake:967: Mismatching spaces inside () after command [whitespace/mismatch]
build/CMakeFiles/Makefile.cmake:973: Mismatching spaces inside () after command [whitespace/mismatch]
build/CMakeFiles/Makefile.cmake:996: Mismatching spaces inside () after command [whitespace/mismatch]

build/CMakeFiles/3.22.1/CMakeCCompiler.cmake:9: Lines should be <= 140 characters long [linelength]
build/CMakeFiles/3.22.1/CMakeCCompiler.cmake:69: Lines should be <= 140 characters long [linelength]

build/CMakeFiles/3.22.1/CMakeCXXCompiler.cmake:9: Lines should be <= 140 characters long [linelength]
build/CMakeFiles/3.22.1/CMakeCXXCompiler.cmake:11: Lines should be <= 140 characters long [linelength]
build/CMakeFiles/3.22.1/CMakeCXXCompiler.cmake:12: Lines should be <= 140 characters long [linelength]
build/CMakeFiles/3.22.1/CMakeCXXCompiler.cmake:42: Extra spaces between 'foreach' and its () [whitespace/extra]
build/CMakeFiles/3.22.1/CMakeCXXCompiler.cmake:43: Extra spaces between 'if' and its () [whitespace/extra]
build/CMakeFiles/3.22.1/CMakeCXXCompiler.cmake:80: Lines should be <= 140 characters long [linelength]

build/CMakeFiles/Continuous.dir/DependInfo.cmake:6: Mismatching spaces inside () after command [whitespace/mismatch]
build/CMakeFiles/Continuous.dir/DependInfo.cmake:10: Mismatching spaces inside () after command [whitespace/mismatch]
build/CMakeFiles/Continuous.dir/DependInfo.cmake:14: Mismatching spaces inside () after command [whitespace/mismatch]

build/CMakeFiles/Continuous.dir/cmake_clean.cmake:6: Mismatching spaces inside () after command [whitespace/mismatch]

build/CMakeFiles/ContinuousBuild.dir/DependInfo.cmake:6: Mismatching spaces inside () after command [whitespace/mismatch]
build/CMakeFiles/ContinuousBuild.dir/DependInfo.cmake:10: Mismatching spaces inside () after command [whitespace/mismatch]
build/CMakeFiles/ContinuousBuild.dir/DependInfo.cmake:14: Mismatching spaces inside () after command [whitespace/mismatch]

build/CMakeFiles/ContinuousBuild.dir/cmake_clean.cmake:6: Mismatching spaces inside () after command [whitespace/mismatch]

build/CMakeFiles/ContinuousConfigure.dir/DependInfo.cmake:6: Mismatching spaces inside () after command [whitespace/mismatch]
build/CMakeFiles/ContinuousConfigure.dir/DependInfo.cmake:10: Mismatching spaces inside () after command [whitespace/mismatch]
build/CMakeFiles/ContinuousConfigure.dir/DependInfo.cmake:14: Mismatching spaces inside () after command [whitespace/mismatch]

build/CMakeFiles/ContinuousConfigure.dir/cmake_clean.cmake:6: Mismatching spaces inside () after command [whitespace/mismatch]

build/CMakeFiles/ContinuousCoverage.dir/DependInfo.cmake:6: Mismatching spaces inside () after command [whitespace/mismatch]
build/CMakeFiles/ContinuousCoverage.dir/DependInfo.cmake:10: Mismatching spaces inside () after command [whitespace/mismatch]
build/CMakeFiles/ContinuousCoverage.dir/DependInfo.cmake:14: Mismatching spaces inside () after command [whitespace/mismatch]

build/CMakeFiles/ContinuousCoverage.dir/cmake_clean.cmake:6: Mismatching spaces inside () after command [whitespace/mismatch]

build/CMakeFiles/ContinuousMemCheck.dir/DependInfo.cmake:6: Mismatching spaces inside () after command [whitespace/mismatch]
build/CMakeFiles/ContinuousMemCheck.dir/DependInfo.cmake:10: Mismatching spaces inside () after command [whitespace/mismatch]
build/CMakeFiles/ContinuousMemCheck.dir/DependInfo.cmake:14: Mismatching spaces inside () after command [whitespace/mismatch]

build/CMakeFiles/ContinuousMemCheck.dir/cmake_clean.cmake:6: Mismatching spaces inside () after command [whitespace/mismatch]

build/CMakeFiles/ContinuousStart.dir/DependInfo.cmake:6: Mismatching spaces inside () after command [whitespace/mismatch]
build/CMakeFiles/ContinuousStart.dir/DependInfo.cmake:10: Mismatching spaces inside () after command [whitespace/mismatch]
build/CMakeFiles/ContinuousStart.dir/DependInfo.cmake:14: Mismatching spaces inside () after command [whitespace/mismatch]

build/CMakeFiles/ContinuousStart.dir/cmake_clean.cmake:6: Mismatching spaces inside () after command [whitespace/mismatch]

build/CMakeFiles/ContinuousSubmit.dir/DependInfo.cmake:6: Mismatching spaces inside () after command [whitespace/mismatch]
build/CMakeFiles/ContinuousSubmit.dir/DependInfo.cmake:10: Mismatching spaces inside () after command [whitespace/mismatch]
build/CMakeFiles/ContinuousSubmit.dir/DependInfo.cmake:14: Mismatching spaces inside () after command [whitespace/mismatch]

build/CMakeFiles/ContinuousSubmit.dir/cmake_clean.cmake:6: Mismatching spaces inside () after command [whitespace/mismatch]

build/CMakeFiles/ContinuousTest.dir/DependInfo.cmake:6: Mismatching spaces inside () after command [whitespace/mismatch]
build/CMakeFiles/ContinuousTest.dir/DependInfo.cmake:10: Mismatching spaces inside () after command [whitespace/mismatch]
build/CMakeFiles/ContinuousTest.dir/DependInfo.cmake:14: Mismatching spaces inside () after command [whitespace/mismatch]

build/CMakeFiles/ContinuousTest.dir/cmake_clean.cmake:6: Mismatching spaces inside () after command [whitespace/mismatch]

build/CMakeFiles/ContinuousUpdate.dir/DependInfo.cmake:6: Mismatching spaces inside () after command [whitespace/mismatch]
build/CMakeFiles/ContinuousUpdate.dir/DependInfo.cmake:10: Mismatching spaces inside () after command [whitespace/mismatch]
build/CMakeFiles/ContinuousUpdate.dir/DependInfo.cmake:14: Mismatching spaces inside () after command [whitespace/mismatch]

build/CMakeFiles/ContinuousUpdate.dir/cmake_clean.cmake:6: Mismatching spaces inside () after command [whitespace/mismatch]

build/CMakeFiles/Experimental.dir/DependInfo.cmake:6: Mismatching spaces inside () after command [whitespace/mismatch]
build/CMakeFiles/Experimental.dir/DependInfo.cmake:10: Mismatching spaces inside () after command [whitespace/mismatch]
build/CMakeFiles/Experimental.dir/DependInfo.cmake:14: Mismatching spaces inside () after command [whitespace/mismatch]

build/CMakeFiles/Experimental.dir/cmake_clean.cmake:6: Mismatching spaces inside () after command [whitespace/mismatch]

build/CMakeFiles/ExperimentalBuild.dir/DependInfo.cmake:6: Mismatching spaces inside () after command [whitespace/mismatch]
build/CMakeFiles/ExperimentalBuild.dir/DependInfo.cmake:10: Mismatching spaces inside () after command [whitespace/mismatch]
build/CMakeFiles/ExperimentalBuild.dir/DependInfo.cmake:14: Mismatching spaces inside () after command [whitespace/mismatch]

build/CMakeFiles/ExperimentalBuild.dir/cmake_clean.cmake:6: Mismatching spaces inside () after command [whitespace/mismatch]

build/CMakeFiles/ExperimentalConfigure.dir/DependInfo.cmake:6: Mismatching spaces inside () after command [whitespace/mismatch]
build/CMakeFiles/ExperimentalConfigure.dir/DependInfo.cmake:10: Mismatching spaces inside () after command [whitespace/mismatch]
build/CMakeFiles/ExperimentalConfigure.dir/DependInfo.cmake:14: Mismatching spaces inside () after command [whitespace/mismatch]

build/CMakeFiles/ExperimentalConfigure.dir/cmake_clean.cmake:6: Mismatching spaces inside () after command [whitespace/mismatch]

build/CMakeFiles/ExperimentalCoverage.dir/DependInfo.cmake:6: Mismatching spaces inside () after command [whitespace/mismatch]
build/CMakeFiles/ExperimentalCoverage.dir/DependInfo.cmake:10: Mismatching spaces inside () after command [whitespace/mismatch]
build/CMakeFiles/ExperimentalCoverage.dir/DependInfo.cmake:14: Mismatching spaces inside () after command [whitespace/mismatch]

build/CMakeFiles/ExperimentalCoverage.dir/cmake_clean.cmake:6: Mismatching spaces inside () after command [whitespace/mismatch]

build/CMakeFiles/ExperimentalMemCheck.dir/DependInfo.cmake:6: Mismatching spaces inside () after command [whitespace/mismatch]
build/CMakeFiles/ExperimentalMemCheck.dir/DependInfo.cmake:10: Mismatching spaces inside () after command [whitespace/mismatch]
build/CMakeFiles/ExperimentalMemCheck.dir/DependInfo.cmake:14: Mismatching spaces inside () after command [whitespace/mismatch]

build/CMakeFiles/ExperimentalMemCheck.dir/cmake_clean.cmake:6: Mismatching spaces inside () after command [whitespace/mismatch]

build/CMakeFiles/ExperimentalStart.dir/DependInfo.cmake:6: Mismatching spaces inside () after command [whitespace/mismatch]
build/CMakeFiles/ExperimentalStart.dir/DependInfo.cmake:10: Mismatching spaces inside () after command [whitespace/mismatch]
build/CMakeFiles/ExperimentalStart.dir/DependInfo.cmake:14: Mismatching spaces inside () after command [whitespace/mismatch]

build/CMakeFiles/ExperimentalStart.dir/cmake_clean.cmake:6: Mismatching spaces inside () after command [whitespace/mismatch]

build/CMakeFiles/ExperimentalSubmit.dir/DependInfo.cmake:6: Mismatching spaces inside () after command [whitespace/mismatch]
build/CMakeFiles/ExperimentalSubmit.dir/DependInfo.cmake:10: Mismatching spaces inside () after command [whitespace/mismatch]
build/CMakeFiles/ExperimentalSubmit.dir/DependInfo.cmake:14: Mismatching spaces inside () after command [whitespace/mismatch]

build/CMakeFiles/ExperimentalSubmit.dir/cmake_clean.cmake:6: Mismatching spaces inside () after command [whitespace/mismatch]

build/CMakeFiles/ExperimentalTest.dir/DependInfo.cmake:6: Mismatching spaces inside () after command [whitespace/mismatch]
build/CMakeFiles/ExperimentalTest.dir/DependInfo.cmake:10: Mismatching spaces inside () after command [whitespace/mismatch]
build/CMakeFiles/ExperimentalTest.dir/DependInfo.cmake:14: Mismatching spaces inside () after command [whitespace/mismatch]

build/CMakeFiles/ExperimentalTest.dir/cmake_clean.cmake:6: Mismatching spaces inside () after command [whitespace/mismatch]

build/CMakeFiles/ExperimentalUpdate.dir/DependInfo.cmake:6: Mismatching spaces inside () after command [whitespace/mismatch]
build/CMakeFiles/ExperimentalUpdate.dir/DependInfo.cmake:10: Mismatching spaces inside () after command [whitespace/mismatch]
build/CMakeFiles/ExperimentalUpdate.dir/DependInfo.cmake:14: Mismatching spaces inside () after command [whitespace/mismatch]

build/CMakeFiles/ExperimentalUpdate.dir/cmake_clean.cmake:6: Mismatching spaces inside () after command [whitespace/mismatch]

build/CMakeFiles/Nightly.dir/DependInfo.cmake:6: Mismatching spaces inside () after command [whitespace/mismatch]
build/CMakeFiles/Nightly.dir/DependInfo.cmake:10: Mismatching spaces inside () after command [whitespace/mismatch]
build/CMakeFiles/Nightly.dir/DependInfo.cmake:14: Mismatching spaces inside () after command [whitespace/mismatch]

build/CMakeFiles/Nightly.dir/cmake_clean.cmake:6: Mismatching spaces inside () after command [whitespace/mismatch]

build/CMakeFiles/NightlyBuild.dir/DependInfo.cmake:6: Mismatching spaces inside () after command [whitespace/mismatch]
build/CMakeFiles/NightlyBuild.dir/DependInfo.cmake:10: Mismatching spaces inside () after command [whitespace/mismatch]
build/CMakeFiles/NightlyBuild.dir/DependInfo.cmake:14: Mismatching spaces inside () after command [whitespace/mismatch]

build/CMakeFiles/NightlyBuild.dir/cmake_clean.cmake:6: Mismatching spaces inside () after command [whitespace/mismatch]

build/CMakeFiles/NightlyConfigure.dir/DependInfo.cmake:6: Mismatching spaces inside () after command [whitespace/mismatch]
build/CMakeFiles/NightlyConfigure.dir/DependInfo.cmake:10: Mismatching spaces inside () after command [whitespace/mismatch]
build/CMakeFiles/NightlyConfigure.dir/DependInfo.cmake:14: Mismatching spaces inside () after command [whitespace/mismatch]

build/CMakeFiles/NightlyConfigure.dir/cmake_clean.cmake:6: Mismatching spaces inside () after command [whitespace/mismatch]

build/CMakeFiles/NightlyCoverage.dir/DependInfo.cmake:6: Mismatching spaces inside () after command [whitespace/mismatch]
build/CMakeFiles/NightlyCoverage.dir/DependInfo.cmake:10: Mismatching spaces inside () after command [whitespace/mismatch]
build/CMakeFiles/NightlyCoverage.dir/DependInfo.cmake:14: Mismatching spaces inside () after command [whitespace/mismatch]

build/CMakeFiles/NightlyCoverage.dir/cmake_clean.cmake:6: Mismatching spaces inside () after command [whitespace/mismatch]

build/CMakeFiles/NightlyMemCheck.dir/DependInfo.cmake:6: Mismatching spaces inside () after command [whitespace/mismatch]
build/CMakeFiles/NightlyMemCheck.dir/DependInfo.cmake:10: Mismatching spaces inside () after command [whitespace/mismatch]
build/CMakeFiles/NightlyMemCheck.dir/DependInfo.cmake:14: Mismatching spaces inside () after command [whitespace/mismatch]

build/CMakeFiles/NightlyMemCheck.dir/cmake_clean.cmake:6: Mismatching spaces inside () after command [whitespace/mismatch]

build/CMakeFiles/NightlyMemoryCheck.dir/DependInfo.cmake:6: Mismatching spaces inside () after command [whitespace/mismatch]
build/CMakeFiles/NightlyMemoryCheck.dir/DependInfo.cmake:10: Mismatching spaces inside () after command [whitespace/mismatch]
build/CMakeFiles/NightlyMemoryCheck.dir/DependInfo.cmake:14: Mismatching spaces inside () after command [whitespace/mismatch]

build/CMakeFiles/NightlyMemoryCheck.dir/cmake_clean.cmake:6: Mismatching spaces inside () after command [whitespace/mismatch]

build/CMakeFiles/NightlyStart.dir/DependInfo.cmake:6: Mismatching spaces inside () after command [whitespace/mismatch]
build/CMakeFiles/NightlyStart.dir/DependInfo.cmake:10: Mismatching spaces inside () after command [whitespace/mismatch]
build/CMakeFiles/NightlyStart.dir/DependInfo.cmake:14: Mismatching spaces inside () after command [whitespace/mismatch]

build/CMakeFiles/NightlyStart.dir/cmake_clean.cmake:6: Mismatching spaces inside () after command [whitespace/mismatch]

build/CMakeFiles/NightlySubmit.dir/DependInfo.cmake:6: Mismatching spaces inside () after command [whitespace/mismatch]
build/CMakeFiles/NightlySubmit.dir/DependInfo.cmake:10: Mismatching spaces inside () after command [whitespace/mismatch]
build/CMakeFiles/NightlySubmit.dir/DependInfo.cmake:14: Mismatching spaces inside () after command [whitespace/mismatch]

build/CMakeFiles/NightlySubmit.dir/cmake_clean.cmake:6: Mismatching spaces inside () after command [whitespace/mismatch]

build/CMakeFiles/NightlyTest.dir/DependInfo.cmake:6: Mismatching spaces inside () after command [whitespace/mismatch]
build/CMakeFiles/NightlyTest.dir/DependInfo.cmake:10: Mismatching spaces inside () after command [whitespace/mismatch]
build/CMakeFiles/NightlyTest.dir/DependInfo.cmake:14: Mismatching spaces inside () after command [whitespace/mismatch]

build/CMakeFiles/NightlyTest.dir/cmake_clean.cmake:6: Mismatching spaces inside () after command [whitespace/mismatch]

build/CMakeFiles/NightlyUpdate.dir/DependInfo.cmake:6: Mismatching spaces inside () after command [whitespace/mismatch]
build/CMakeFiles/NightlyUpdate.dir/DependInfo.cmake:10: Mismatching spaces inside () after command [whitespace/mismatch]
build/CMakeFiles/NightlyUpdate.dir/DependInfo.cmake:14: Mismatching spaces inside () after command [whitespace/mismatch]

build/CMakeFiles/NightlyUpdate.dir/cmake_clean.cmake:6: Mismatching spaces inside () after command [whitespace/mismatch]

build/CMakeFiles/circle_tests.dir/DependInfo.cmake:6: Mismatching spaces inside () after command [whitespace/mismatch]
build/CMakeFiles/circle_tests.dir/DependInfo.cmake:10: Mismatching spaces inside () after command [whitespace/mismatch]
build/CMakeFiles/circle_tests.dir/DependInfo.cmake:15: Mismatching spaces inside () after command [whitespace/mismatch]

build/CMakeFiles/landmarks.dir/DependInfo.cmake:6: Mismatching spaces inside () after command [whitespace/mismatch]
build/CMakeFiles/landmarks.dir/DependInfo.cmake:10: Mismatching spaces inside () after command [whitespace/mismatch]
build/CMakeFiles/landmarks.dir/DependInfo.cmake:15: Mismatching spaces inside () after command [whitespace/mismatch]

build/CMakeFiles/nuslam.dir/DependInfo.cmake:6: Mismatching spaces inside () after command [whitespace/mismatch]
build/CMakeFiles/nuslam.dir/DependInfo.cmake:10: Mismatching spaces inside () after command [whitespace/mismatch]
build/CMakeFiles/nuslam.dir/DependInfo.cmake:15: Mismatching spaces inside () after command [whitespace/mismatch]

build/CMakeFiles/nuslam_uninstall.dir/DependInfo.cmake:6: Mismatching spaces inside () after command [whitespace/mismatch]
build/CMakeFiles/nuslam_uninstall.dir/DependInfo.cmake:10: Mismatching spaces inside () after command [whitespace/mismatch]
build/CMakeFiles/nuslam_uninstall.dir/DependInfo.cmake:14: Mismatching spaces inside () after command [whitespace/mismatch]

build/CMakeFiles/nuslam_uninstall.dir/cmake_clean.cmake:6: Mismatching spaces inside () after command [whitespace/mismatch]

build/CMakeFiles/uninstall.dir/DependInfo.cmake:6: Mismatching spaces inside () after command [whitespace/mismatch]
build/CMakeFiles/uninstall.dir/DependInfo.cmake:10: Mismatching spaces inside () after command [whitespace/mismatch]
build/CMakeFiles/uninstall.dir/DependInfo.cmake:14: Mismatching spaces inside () after command [whitespace/mismatch]

build/CMakeFiles/uninstall.dir/cmake_clean.cmake:3: Mismatching spaces inside () after command [whitespace/mismatch]

build/ament_cmake_core/package.cmake:4: Lines should be <= 140 characters long [linelength]
build/ament_cmake_core/package.cmake:6: Lines should be <= 140 characters long [linelength]
build/ament_cmake_core/package.cmake:7: Mismatching spaces inside () after command [whitespace/mismatch]
build/ament_cmake_core/package.cmake:8: Lines should be <= 140 characters long [linelength]
build/ament_cmake_core/package.cmake:10: Mismatching spaces inside () after command [whitespace/mismatch]
build/ament_cmake_core/package.cmake:11: Mismatching spaces inside () after command [whitespace/mismatch]

build/ament_cmake_package_templates/templates.cmake:1: Lines should be <= 140 characters long [linelength]
build/ament_cmake_package_templates/templates.cmake:2: Lines should be <= 140 characters long [linelength]
build/ament_cmake_package_templates/templates.cmake:4: Lines should be <= 140 characters long [linelength]
build/ament_cmake_package_templates/templates.cmake:5: Lines should be <= 140 characters long [linelength]
build/ament_cmake_package_templates/templates.cmake:6: Lines should be <= 140 characters long [linelength]
build/ament_cmake_package_templates/templates.cmake:8: Lines should be <= 140 characters long [linelength]
build/ament_cmake_package_templates/templates.cmake:9: Lines should be <= 140 characters long [linelength]
build/ament_cmake_package_templates/templates.cmake:10: Lines should be <= 140 characters long [linelength]
build/ament_cmake_package_templates/templates.cmake:11: Lines should be <= 140 characters long [linelength]
build/ament_cmake_package_templates/templates.cmake:12: Lines should be <= 140 characters long [linelength]
build/ament_cmake_package_templates/templates.cmake:13: Lines should be <= 140 characters long [linelength]
build/ament_cmake_package_templates/templates.cmake:14: Lines should be <= 140 characters long [linelength]


208 errors
-- run_test.py: return code 1
-- run_test.py: verify result file '/home/kevin/workspaces/SLAM/hw1/src/nuturtle-knella92/nuslam/build/test_results/nuslam/lint_cmake.xunit.xml'
<end of output>
Test time =   0.26 sec
----------------------------------------------------------
Test Failed.
"lint_cmake" end time: Mar 19 16:45 CDT
"lint_cmake" time elapsed: 00:00:00
----------------------------------------------------------

4/5 Testing: uncrustify
4/5 Test: uncrustify
Command: "/usr/bin/python3.10" "-u" "/opt/ros/humble/share/ament_cmake_test/cmake/run_test.py" "/home/kevin/workspaces/SLAM/hw1/src/nuturtle-knella92/nuslam/build/test_results/nuslam/uncrustify.xunit.xml" "--package-name" "nuslam" "--output-file" "/home/kevin/workspaces/SLAM/hw1/src/nuturtle-knella92/nuslam/build/ament_uncrustify/uncrustify.txt" "--command" "/opt/ros/humble/bin/ament_uncrustify" "--xunit-file" "/home/kevin/workspaces/SLAM/hw1/src/nuturtle-knella92/nuslam/build/test_results/nuslam/uncrustify.xunit.xml"
Directory: /home/kevin/workspaces/SLAM/hw1/src/nuturtle-knella92/nuslam
"uncrustify" start time: Mar 19 16:45 CDT
Output:
----------------------------------------------------------
-- run_test.py: invoking following command in '/home/kevin/workspaces/SLAM/hw1/src/nuturtle-knella92/nuslam':
 - /opt/ros/humble/bin/ament_uncrustify --xunit-file /home/kevin/workspaces/SLAM/hw1/src/nuturtle-knella92/nuslam/build/test_results/nuslam/uncrustify.xunit.xml
Code style divergence in file 'build/CMakeFiles/3.22.1/CompilerIdC/CMakeCCompilerId.c':

--- build/CMakeFiles/3.22.1/CompilerIdC/CMakeCCompilerId.c
+++ build/CMakeFiles/3.22.1/CompilerIdC/CMakeCCompilerId.c.uncrustify
@@ -32 +32 @@
-  /* __INTEL_COMPILER = VRP prior to 2021, and then VVVV for 2021 and later,
+/* __INTEL_COMPILER = VRP prior to 2021, and then VVVV for 2021 and later,
@@ -35,2 +35,2 @@
-#  define COMPILER_VERSION_MAJOR DEC(__INTEL_COMPILER/100)
-#  define COMPILER_VERSION_MINOR DEC(__INTEL_COMPILER/10 % 10)
+#  define COMPILER_VERSION_MAJOR DEC(__INTEL_COMPILER / 100)
+#  define COMPILER_VERSION_MINOR DEC(__INTEL_COMPILER / 10 % 10)
@@ -40 +40 @@
-#   define COMPILER_VERSION_PATCH DEC(__INTEL_COMPILER   % 10)
+#   define COMPILER_VERSION_PATCH DEC(__INTEL_COMPILER % 10)
@@ -45 +45 @@
-   /* The third version component from --version is an update index,
+/* The third version component from --version is an update index,
@@ -50 +50 @@
-   /* __INTEL_COMPILER_BUILD_DATE = YYYYMMDD */
+/* __INTEL_COMPILER_BUILD_DATE = YYYYMMDD */
@@ -54 +54 @@
-   /* _MSC_VER = VVRR */
+/* _MSC_VER = VVRR */
@@ -83,3 +83,3 @@
-# define COMPILER_VERSION_MAJOR DEC(__INTEL_LLVM_COMPILER/100)
-# define COMPILER_VERSION_MINOR DEC(__INTEL_LLVM_COMPILER/10 % 10)
-# define COMPILER_VERSION_PATCH DEC(__INTEL_LLVM_COMPILER    % 10)
+# define COMPILER_VERSION_MAJOR DEC(__INTEL_LLVM_COMPILER / 100)
+# define COMPILER_VERSION_MINOR DEC(__INTEL_LLVM_COMPILER / 10 % 10)
+# define COMPILER_VERSION_PATCH DEC(__INTEL_LLVM_COMPILER % 10)
@@ -87,3 +87,3 @@
-# define COMPILER_VERSION_MAJOR DEC(__INTEL_LLVM_COMPILER/10000)
-# define COMPILER_VERSION_MINOR DEC(__INTEL_LLVM_COMPILER/100 % 100)
-# define COMPILER_VERSION_PATCH DEC(__INTEL_LLVM_COMPILER     % 100)
+# define COMPILER_VERSION_MAJOR DEC(__INTEL_LLVM_COMPILER / 10000)
+# define COMPILER_VERSION_MINOR DEC(__INTEL_LLVM_COMPILER / 100 % 100)
+# define COMPILER_VERSION_PATCH DEC(__INTEL_LLVM_COMPILER % 100)
@@ -92 +92 @@
-  /* _MSC_VER = VVRR */
+/* _MSC_VER = VVRR */
@@ -118,3 +118,3 @@
-# define COMPILER_VERSION_MAJOR HEX(__CODEGEARC_VERSION__>>24 & 0x00FF)
-# define COMPILER_VERSION_MINOR HEX(__CODEGEARC_VERSION__>>16 & 0x00FF)
-# define COMPILER_VERSION_PATCH DEC(__CODEGEARC_VERSION__     & 0xFFFF)
+# define COMPILER_VERSION_MAJOR HEX(__CODEGEARC_VERSION__ >> 24 & 0x00FF)
+# define COMPILER_VERSION_MINOR HEX(__CODEGEARC_VERSION__ >> 16 & 0x00FF)
+# define COMPILER_VERSION_PATCH DEC(__CODEGEARC_VERSION__ & 0xFFFF)
@@ -124,2 +124,2 @@
-  /* __BORLANDC__ = 0xVRR */
-# define COMPILER_VERSION_MAJOR HEX(__BORLANDC__>>8)
+/* __BORLANDC__ = 0xVRR */
+# define COMPILER_VERSION_MAJOR HEX(__BORLANDC__ >> 8)
@@ -130 +130 @@
-   /* __WATCOMC__ = VVRR */
+/* __WATCOMC__ = VVRR */
@@ -139 +139 @@
-   /* __WATCOMC__ = VVRP + 1100 */
+/* __WATCOMC__ = VVRP + 1100 */
@@ -149,4 +149,4 @@
-   /* __SUNPRO_C = 0xVRRP */
-#  define COMPILER_VERSION_MAJOR HEX(__SUNPRO_C>>12)
-#  define COMPILER_VERSION_MINOR HEX(__SUNPRO_C>>4 & 0xFF)
-#  define COMPILER_VERSION_PATCH HEX(__SUNPRO_C    & 0xF)
+/* __SUNPRO_C = 0xVRRP */
+#  define COMPILER_VERSION_MAJOR HEX(__SUNPRO_C >> 12)
+#  define COMPILER_VERSION_MINOR HEX(__SUNPRO_C >> 4 & 0xFF)
+#  define COMPILER_VERSION_PATCH HEX(__SUNPRO_C & 0xF)
@@ -154,4 +154,4 @@
-   /* __SUNPRO_CC = 0xVRP */
-#  define COMPILER_VERSION_MAJOR HEX(__SUNPRO_C>>8)
-#  define COMPILER_VERSION_MINOR HEX(__SUNPRO_C>>4 & 0xF)
-#  define COMPILER_VERSION_PATCH HEX(__SUNPRO_C    & 0xF)
+/* __SUNPRO_CC = 0xVRP */
+#  define COMPILER_VERSION_MAJOR HEX(__SUNPRO_C >> 8)
+#  define COMPILER_VERSION_MINOR HEX(__SUNPRO_C >> 4 & 0xF)
+#  define COMPILER_VERSION_PATCH HEX(__SUNPRO_C & 0xF)
@@ -162,4 +162,4 @@
-  /* __HP_cc = VVRRPP */
-# define COMPILER_VERSION_MAJOR DEC(__HP_cc/10000)
-# define COMPILER_VERSION_MINOR DEC(__HP_cc/100 % 100)
-# define COMPILER_VERSION_PATCH DEC(__HP_cc     % 100)
+/* __HP_cc = VVRRPP */
+# define COMPILER_VERSION_MAJOR DEC(__HP_cc / 10000)
+# define COMPILER_VERSION_MINOR DEC(__HP_cc / 100 % 100)
+# define COMPILER_VERSION_PATCH DEC(__HP_cc % 100)
@@ -169,4 +169,4 @@
-  /* __DECC_VER = VVRRTPPPP */
-# define COMPILER_VERSION_MAJOR DEC(__DECC_VER/10000000)
-# define COMPILER_VERSION_MINOR DEC(__DECC_VER/100000  % 100)
-# define COMPILER_VERSION_PATCH DEC(__DECC_VER         % 10000)
+/* __DECC_VER = VVRRTPPPP */
+# define COMPILER_VERSION_MAJOR DEC(__DECC_VER / 10000000)
+# define COMPILER_VERSION_MINOR DEC(__DECC_VER / 100000 % 100)
+# define COMPILER_VERSION_PATCH DEC(__DECC_VER % 10000)
@@ -176,4 +176,4 @@
-  /* __IBMC__ = VRP */
-# define COMPILER_VERSION_MAJOR DEC(__IBMC__/100)
-# define COMPILER_VERSION_MINOR DEC(__IBMC__/10 % 10)
-# define COMPILER_VERSION_PATCH DEC(__IBMC__    % 10)
+/* __IBMC__ = VRP */
+# define COMPILER_VERSION_MAJOR DEC(__IBMC__ / 100)
+# define COMPILER_VERSION_MINOR DEC(__IBMC__ / 10 % 10)
+# define COMPILER_VERSION_PATCH DEC(__IBMC__ % 10)
@@ -191,4 +191,4 @@
-  /* __IBMC__ = VRP */
-# define COMPILER_VERSION_MAJOR DEC(__IBMC__/100)
-# define COMPILER_VERSION_MINOR DEC(__IBMC__/10 % 10)
-# define COMPILER_VERSION_PATCH DEC(__IBMC__    % 10)
+/* __IBMC__ = VRP */
+# define COMPILER_VERSION_MAJOR DEC(__IBMC__ / 100)
+# define COMPILER_VERSION_MINOR DEC(__IBMC__ / 10 % 10)
+# define COMPILER_VERSION_PATCH DEC(__IBMC__ % 10)
@@ -198,4 +198,4 @@
-  /* __IBMC__ = VRP */
-# define COMPILER_VERSION_MAJOR DEC(__IBMC__/100)
-# define COMPILER_VERSION_MINOR DEC(__IBMC__/10 % 10)
-# define COMPILER_VERSION_PATCH DEC(__IBMC__    % 10)
+/* __IBMC__ = VRP */
+# define COMPILER_VERSION_MAJOR DEC(__IBMC__ / 100)
+# define COMPILER_VERSION_MINOR DEC(__IBMC__ / 10 % 10)
+# define COMPILER_VERSION_PATCH DEC(__IBMC__ % 10)
@@ -226,4 +226,4 @@
-  /* __TI_COMPILER_VERSION__ = VVVRRRPPP */
-# define COMPILER_VERSION_MAJOR DEC(__TI_COMPILER_VERSION__/1000000)
-# define COMPILER_VERSION_MINOR DEC(__TI_COMPILER_VERSION__/1000   % 1000)
-# define COMPILER_VERSION_PATCH DEC(__TI_COMPILER_VERSION__        % 1000)
+/* __TI_COMPILER_VERSION__ = VVVRRRPPP */
+# define COMPILER_VERSION_MAJOR DEC(__TI_COMPILER_VERSION__ / 1000000)
+# define COMPILER_VERSION_MINOR DEC(__TI_COMPILER_VERSION__ / 1000 % 1000)
+# define COMPILER_VERSION_PATCH DEC(__TI_COMPILER_VERSION__ % 1000)
@@ -261 +261 @@
-# define COMPILER_VERSION_PATCH DEC(__GHS_VERSION_NUMBER      % 10)
+# define COMPILER_VERSION_PATCH DEC(__GHS_VERSION_NUMBER % 10)
@@ -276,4 +276,4 @@
-  /* __ARMCC_VERSION = VRRPPPP */
-  # define COMPILER_VERSION_MAJOR DEC(__ARMCC_VERSION/1000000)
-  # define COMPILER_VERSION_MINOR DEC(__ARMCC_VERSION/10000 % 100)
-  # define COMPILER_VERSION_PATCH DEC(__ARMCC_VERSION     % 10000)
+/* __ARMCC_VERSION = VRRPPPP */
+  # define COMPILER_VERSION_MAJOR DEC(__ARMCC_VERSION / 1000000)
+  # define COMPILER_VERSION_MINOR DEC(__ARMCC_VERSION / 10000 % 100)
+  # define COMPILER_VERSION_PATCH DEC(__ARMCC_VERSION % 10000)
@@ -281,4 +281,4 @@
-  /* __ARMCC_VERSION = VRPPPP */
-  # define COMPILER_VERSION_MAJOR DEC(__ARMCC_VERSION/100000)
-  # define COMPILER_VERSION_MINOR DEC(__ARMCC_VERSION/10000 % 10)
-  # define COMPILER_VERSION_PATCH DEC(__ARMCC_VERSION    % 10000)
+/* __ARMCC_VERSION = VRPPPP */
+  # define COMPILER_VERSION_MAJOR DEC(__ARMCC_VERSION / 100000)
+  # define COMPILER_VERSION_MINOR DEC(__ARMCC_VERSION / 10000 % 10)
+  # define COMPILER_VERSION_PATCH DEC(__ARMCC_VERSION % 10000)
@@ -297 +297 @@
-   /* _MSC_VER = VVRR */
+/* _MSC_VER = VVRR */
@@ -305,3 +305,3 @@
-  # define COMPILER_VERSION_MAJOR DEC(__ARMCOMPILER_VERSION/1000000)
-  # define COMPILER_VERSION_MINOR DEC(__ARMCOMPILER_VERSION/10000 % 100)
-  # define COMPILER_VERSION_PATCH DEC(__ARMCOMPILER_VERSION     % 10000)
+  # define COMPILER_VERSION_MAJOR DEC(__ARMCOMPILER_VERSION / 1000000)
+  # define COMPILER_VERSION_MINOR DEC(__ARMCOMPILER_VERSION / 10000 % 100)
+  # define COMPILER_VERSION_PATCH DEC(__ARMCOMPILER_VERSION % 10000)
@@ -319 +319 @@
-   /* _MSC_VER = VVRR */
+/* _MSC_VER = VVRR */
@@ -336 +336 @@
-  /* _MSC_VER = VVRR */
+/* _MSC_VER = VVRR */
@@ -341 +341 @@
-    /* _MSC_FULL_VER = VVRRPPPPP */
+/* _MSC_FULL_VER = VVRRPPPPP */
@@ -344 +344 @@
-    /* _MSC_FULL_VER = VVRRPPPP */
+/* _MSC_FULL_VER = VVRRPPPP */
@@ -352 +352,2 @@
-#elif defined(__VISUALDSPVERSION__) || defined(__ADSPBLACKFIN__) || defined(__ADSPTS__) || defined(__ADSP21000__)
+#elif defined(__VISUALDSPVERSION__) || defined(__ADSPBLACKFIN__) || defined(__ADSPTS__) || \
+  defined(__ADSP21000__)
@@ -355,4 +356,4 @@
-  /* __VISUALDSPVERSION__ = 0xVVRRPP00 */
-# define COMPILER_VERSION_MAJOR HEX(__VISUALDSPVERSION__>>24)
-# define COMPILER_VERSION_MINOR HEX(__VISUALDSPVERSION__>>16 & 0xFF)
-# define COMPILER_VERSION_PATCH HEX(__VISUALDSPVERSION__>>8  & 0xFF)
+/* __VISUALDSPVERSION__ = 0xVVRRPP00 */
+# define COMPILER_VERSION_MAJOR HEX(__VISUALDSPVERSION__ >> 24)
+# define COMPILER_VERSION_MINOR HEX(__VISUALDSPVERSION__ >> 16 & 0xFF)
+# define COMPILER_VERSION_PATCH HEX(__VISUALDSPVERSION__ >> 8 & 0xFF)
@@ -368 +369,3 @@
-# elif defined(__VER__) && (defined(__ICCAVR__) || defined(__ICCRX__) || defined(__ICCRH850__) || defined(__ICCRL78__) || defined(__ICC430__) || defined(__ICCRISCV__) || defined(__ICCV850__) || defined(__ICC8051__) || defined(__ICCSTM8__))
+# elif defined(__VER__) && (defined(__ICCAVR__) || defined(__ICCRX__) || defined(__ICCRH850__) || \
+  defined(__ICCRL78__) || defined(__ICC430__) || defined(__ICCRISCV__) || defined(__ICCV850__) || \
+  defined(__ICC8051__) || defined(__ICCSTM8__))
@@ -370 +373 @@
-#  define COMPILER_VERSION_MINOR DEC((__VER__) - (((__VER__) / 100)*100))
+#  define COMPILER_VERSION_MINOR DEC((__VER__) -(((__VER__) / 100) * 100))
@@ -382,4 +385,4 @@
-  /* SDCC = VRP */
-#  define COMPILER_VERSION_MAJOR DEC(SDCC/100)
-#  define COMPILER_VERSION_MINOR DEC(SDCC/10 % 10)
-#  define COMPILER_VERSION_PATCH DEC(SDCC    % 10)
+/* SDCC = VRP */
+#  define COMPILER_VERSION_MAJOR DEC(SDCC / 100)
+#  define COMPILER_VERSION_MINOR DEC(SDCC / 10 % 10)
+#  define COMPILER_VERSION_PATCH DEC(SDCC % 10)
@@ -403 +406 @@
-char const* info_compiler = "INFO" ":" "compiler[" COMPILER_ID "]";
+char const * info_compiler = "INFO" ":" "compiler[" COMPILER_ID "]";
@@ -405 +408 @@
-char const* info_simulate = "INFO" ":" "simulate[" SIMULATE_ID "]";
+char const * info_simulate = "INFO" ":" "simulate[" SIMULATE_ID "]";
@@ -409 +412 @@
-char const* qnxnto = "INFO" ":" "qnxnto[]";
+char const * qnxnto = "INFO" ":" "qnxnto[]";
@@ -413 +416 @@
-char const *info_cray = "INFO" ":" "compiler_wrapper[CrayPrgEnv]";
+char const * info_cray = "INFO" ":" "compiler_wrapper[CrayPrgEnv]";
@@ -656,9 +659,9 @@
-#define DEC(n)                   \
-  ('0' + (((n) / 10000000)%10)), \
-  ('0' + (((n) / 1000000)%10)),  \
-  ('0' + (((n) / 100000)%10)),   \
-  ('0' + (((n) / 10000)%10)),    \
-  ('0' + (((n) / 1000)%10)),     \
-  ('0' + (((n) / 100)%10)),      \
-  ('0' + (((n) / 10)%10)),       \
-  ('0' +  ((n) % 10))
+#define DEC(n) \
+  ('0' + (((n) / 10000000) % 10)), \
+  ('0' + (((n) / 1000000) % 10)), \
+  ('0' + (((n) / 100000) % 10)), \
+  ('0' + (((n) / 10000) % 10)), \
+  ('0' + (((n) / 1000) % 10)), \
+  ('0' + (((n) / 100) % 10)), \
+  ('0' + (((n) / 10) % 10)), \
+  ('0' + ((n) % 10))
@@ -667,9 +670,9 @@
-#define HEX(n)             \
-  ('0' + ((n)>>28 & 0xF)), \
-  ('0' + ((n)>>24 & 0xF)), \
-  ('0' + ((n)>>20 & 0xF)), \
-  ('0' + ((n)>>16 & 0xF)), \
-  ('0' + ((n)>>12 & 0xF)), \
-  ('0' + ((n)>>8  & 0xF)), \
-  ('0' + ((n)>>4  & 0xF)), \
-  ('0' + ((n)     & 0xF))
+#define HEX(n) \
+  ('0' + ((n) >> 28 & 0xF)), \
+  ('0' + ((n) >> 24 & 0xF)), \
+  ('0' + ((n) >> 20 & 0xF)), \
+  ('0' + ((n) >> 16 & 0xF)), \
+  ('0' + ((n) >> 12 & 0xF)), \
+  ('0' + ((n) >> 8 & 0xF)), \
+  ('0' + ((n) >> 4 & 0xF)), \
+  ('0' + ((n) & 0xF))
@@ -679 +682 @@
-char const* info_version = "INFO" ":" "compiler_version[" COMPILER_VERSION "]";
+char const * info_version = "INFO" ":" "compiler_version[" COMPILER_VERSION "]";
@@ -685 +688 @@
-  'c','o','m','p','i','l','e','r','_','v','e','r','s','i','o','n','[',
+  'c', 'o', 'm', 'p', 'i', 'l', 'e', 'r', '_', 'v', 'e', 'r', 's', 'i', 'o', 'n', '[',
@@ -690 +693 @@
-   '.', COMPILER_VERSION_PATCH,
+  '.', COMPILER_VERSION_PATCH,
@@ -692 +695 @@
-    '.', COMPILER_VERSION_TWEAK,
+  '.', COMPILER_VERSION_TWEAK,
@@ -696 +699,2 @@
-  ']','\0'};
+  ']', '\0'
+};
@@ -703,3 +707,4 @@
-  'c','o','m','p','i','l','e','r','_','v','e','r','s','i','o','n','_',
-  'i','n','t','e','r','n','a','l','[',
-  COMPILER_VERSION_INTERNAL,']','\0'};
+  'c', 'o', 'm', 'p', 'i', 'l', 'e', 'r', '_', 'v', 'e', 'r', 's', 'i', 'o', 'n', '_',
+  'i', 'n', 't', 'e', 'r', 'n', 'a', 'l', '[',
+  COMPILER_VERSION_INTERNAL, ']', '\0'
+};
@@ -707 +712,2 @@
-char const* info_version_internal = "INFO" ":" "compiler_version_internal[" COMPILER_VERSION_INTERNAL_STR "]";
+char const * info_version_internal =
+  "INFO" ":" "compiler_version_internal[" COMPILER_VERSION_INTERNAL_STR "]";
@@ -714 +720 @@
-  's','i','m','u','l','a','t','e','_','v','e','r','s','i','o','n','[',
+  's', 'i', 'm', 'u', 'l', 'a', 't', 'e', '_', 'v', 'e', 'r', 's', 'i', 'o', 'n', '[',
@@ -719 +725 @@
-   '.', SIMULATE_VERSION_PATCH,
+  '.', SIMULATE_VERSION_PATCH,
@@ -721 +727 @@
-    '.', SIMULATE_VERSION_TWEAK,
+  '.', SIMULATE_VERSION_TWEAK,
@@ -725 +731,2 @@
-  ']','\0'};
+  ']', '\0'
+};
@@ -732,3 +739,2 @@
-char const* info_platform = "INFO" ":" "platform[" PLATFORM_ID "]";
-char const* info_arch = "INFO" ":" "arch[" ARCHITECTURE_ID "]";
-
+char const * info_platform = "INFO" ":" "platform[" PLATFORM_ID "]";
+char const * info_arch = "INFO" ":" "arch[" ARCHITECTURE_ID "]";
@@ -754 +760 @@
-const char* info_language_standard_default =
+const char * info_language_standard_default =
@@ -757 +763 @@
-const char* info_language_extensions_default = "INFO" ":" "extensions_default["
+const char * info_language_extensions_default = "INFO" ":" "extensions_default["
@@ -759,2 +765,2 @@
-#if (defined(__clang__) || defined(__GNUC__) ||                               \
-     defined(__TI_COMPILER_VERSION__)) &&                                     \
+#if (defined(__clang__) || defined(__GNUC__) || \
+  defined(__TI_COMPILER_VERSION__)) && \
@@ -766 +772 @@
-"]";
+  "]";
@@ -774 +780 @@
-int main(argc, argv) int argc; char *argv[];
+int main(argc, argv) int argc; char * argv[];
@@ -776 +782 @@
-int main(int argc, char* argv[])
+int main(int argc, char * argv[])

Code style divergence in file 'build/CMakeFiles/3.22.1/CompilerIdCXX/CMakeCXXCompilerId.cpp':

--- build/CMakeFiles/3.22.1/CompilerIdCXX/CMakeCXXCompilerId.cpp
+++ build/CMakeFiles/3.22.1/CompilerIdCXX/CMakeCXXCompilerId.cpp.uncrustify
@@ -20 +20 @@
-  /* __COMO_VERSION__ = VRR */
+/* __COMO_VERSION__ = VRR */
@@ -32 +32 @@
-  /* __INTEL_COMPILER = VRP prior to 2021, and then VVVV for 2021 and later,
+/* __INTEL_COMPILER = VRP prior to 2021, and then VVVV for 2021 and later,
@@ -35,2 +35,2 @@
-#  define COMPILER_VERSION_MAJOR DEC(__INTEL_COMPILER/100)
-#  define COMPILER_VERSION_MINOR DEC(__INTEL_COMPILER/10 % 10)
+#  define COMPILER_VERSION_MAJOR DEC(__INTEL_COMPILER / 100)
+#  define COMPILER_VERSION_MINOR DEC(__INTEL_COMPILER / 10 % 10)
@@ -40 +40 @@
-#   define COMPILER_VERSION_PATCH DEC(__INTEL_COMPILER   % 10)
+#   define COMPILER_VERSION_PATCH DEC(__INTEL_COMPILER % 10)
@@ -45 +45 @@
-   /* The third version component from --version is an update index,
+/* The third version component from --version is an update index,
@@ -50 +50 @@
-   /* __INTEL_COMPILER_BUILD_DATE = YYYYMMDD */
+/* __INTEL_COMPILER_BUILD_DATE = YYYYMMDD */
@@ -54 +54 @@
-   /* _MSC_VER = VVRR */
+/* _MSC_VER = VVRR */
@@ -83,3 +83,3 @@
-# define COMPILER_VERSION_MAJOR DEC(__INTEL_LLVM_COMPILER/100)
-# define COMPILER_VERSION_MINOR DEC(__INTEL_LLVM_COMPILER/10 % 10)
-# define COMPILER_VERSION_PATCH DEC(__INTEL_LLVM_COMPILER    % 10)
+# define COMPILER_VERSION_MAJOR DEC(__INTEL_LLVM_COMPILER / 100)
+# define COMPILER_VERSION_MINOR DEC(__INTEL_LLVM_COMPILER / 10 % 10)
+# define COMPILER_VERSION_PATCH DEC(__INTEL_LLVM_COMPILER % 10)
@@ -87,3 +87,3 @@
-# define COMPILER_VERSION_MAJOR DEC(__INTEL_LLVM_COMPILER/10000)
-# define COMPILER_VERSION_MINOR DEC(__INTEL_LLVM_COMPILER/100 % 100)
-# define COMPILER_VERSION_PATCH DEC(__INTEL_LLVM_COMPILER     % 100)
+# define COMPILER_VERSION_MAJOR DEC(__INTEL_LLVM_COMPILER / 10000)
+# define COMPILER_VERSION_MINOR DEC(__INTEL_LLVM_COMPILER / 100 % 100)
+# define COMPILER_VERSION_PATCH DEC(__INTEL_LLVM_COMPILER % 100)
@@ -92 +92 @@
-  /* _MSC_VER = VVRR */
+/* _MSC_VER = VVRR */
@@ -118,3 +118,3 @@
-# define COMPILER_VERSION_MAJOR HEX(__CODEGEARC_VERSION__>>24 & 0x00FF)
-# define COMPILER_VERSION_MINOR HEX(__CODEGEARC_VERSION__>>16 & 0x00FF)
-# define COMPILER_VERSION_PATCH DEC(__CODEGEARC_VERSION__     & 0xFFFF)
+# define COMPILER_VERSION_MAJOR HEX(__CODEGEARC_VERSION__ >> 24 & 0x00FF)
+# define COMPILER_VERSION_MINOR HEX(__CODEGEARC_VERSION__ >> 16 & 0x00FF)
+# define COMPILER_VERSION_PATCH DEC(__CODEGEARC_VERSION__ & 0xFFFF)
@@ -124,2 +124,2 @@
-  /* __BORLANDC__ = 0xVRR */
-# define COMPILER_VERSION_MAJOR HEX(__BORLANDC__>>8)
+/* __BORLANDC__ = 0xVRR */
+# define COMPILER_VERSION_MAJOR HEX(__BORLANDC__ >> 8)
@@ -130 +130 @@
-   /* __WATCOMC__ = VVRR */
+/* __WATCOMC__ = VVRR */
@@ -139 +139 @@
-   /* __WATCOMC__ = VVRP + 1100 */
+/* __WATCOMC__ = VVRP + 1100 */
@@ -149,4 +149,4 @@
-   /* __SUNPRO_CC = 0xVRRP */
-#  define COMPILER_VERSION_MAJOR HEX(__SUNPRO_CC>>12)
-#  define COMPILER_VERSION_MINOR HEX(__SUNPRO_CC>>4 & 0xFF)
-#  define COMPILER_VERSION_PATCH HEX(__SUNPRO_CC    & 0xF)
+/* __SUNPRO_CC = 0xVRRP */
+#  define COMPILER_VERSION_MAJOR HEX(__SUNPRO_CC >> 12)
+#  define COMPILER_VERSION_MINOR HEX(__SUNPRO_CC >> 4 & 0xFF)
+#  define COMPILER_VERSION_PATCH HEX(__SUNPRO_CC & 0xF)
@@ -154,4 +154,4 @@
-   /* __SUNPRO_CC = 0xVRP */
-#  define COMPILER_VERSION_MAJOR HEX(__SUNPRO_CC>>8)
-#  define COMPILER_VERSION_MINOR HEX(__SUNPRO_CC>>4 & 0xF)
-#  define COMPILER_VERSION_PATCH HEX(__SUNPRO_CC    & 0xF)
+/* __SUNPRO_CC = 0xVRP */
+#  define COMPILER_VERSION_MAJOR HEX(__SUNPRO_CC >> 8)
+#  define COMPILER_VERSION_MINOR HEX(__SUNPRO_CC >> 4 & 0xF)
+#  define COMPILER_VERSION_PATCH HEX(__SUNPRO_CC & 0xF)
@@ -162,4 +162,4 @@
-  /* __HP_aCC = VVRRPP */
-# define COMPILER_VERSION_MAJOR DEC(__HP_aCC/10000)
-# define COMPILER_VERSION_MINOR DEC(__HP_aCC/100 % 100)
-# define COMPILER_VERSION_PATCH DEC(__HP_aCC     % 100)
+/* __HP_aCC = VVRRPP */
+# define COMPILER_VERSION_MAJOR DEC(__HP_aCC / 10000)
+# define COMPILER_VERSION_MINOR DEC(__HP_aCC / 100 % 100)
+# define COMPILER_VERSION_PATCH DEC(__HP_aCC % 100)
@@ -169,4 +169,4 @@
-  /* __DECCXX_VER = VVRRTPPPP */
-# define COMPILER_VERSION_MAJOR DEC(__DECCXX_VER/10000000)
-# define COMPILER_VERSION_MINOR DEC(__DECCXX_VER/100000  % 100)
-# define COMPILER_VERSION_PATCH DEC(__DECCXX_VER         % 10000)
+/* __DECCXX_VER = VVRRTPPPP */
+# define COMPILER_VERSION_MAJOR DEC(__DECCXX_VER / 10000000)
+# define COMPILER_VERSION_MINOR DEC(__DECCXX_VER / 100000 % 100)
+# define COMPILER_VERSION_PATCH DEC(__DECCXX_VER % 10000)
@@ -176,4 +176,4 @@
-  /* __IBMCPP__ = VRP */
-# define COMPILER_VERSION_MAJOR DEC(__IBMCPP__/100)
-# define COMPILER_VERSION_MINOR DEC(__IBMCPP__/10 % 10)
-# define COMPILER_VERSION_PATCH DEC(__IBMCPP__    % 10)
+/* __IBMCPP__ = VRP */
+# define COMPILER_VERSION_MAJOR DEC(__IBMCPP__ / 100)
+# define COMPILER_VERSION_MINOR DEC(__IBMCPP__ / 10 % 10)
+# define COMPILER_VERSION_PATCH DEC(__IBMCPP__ % 10)
@@ -191,4 +191,4 @@
-  /* __IBMCPP__ = VRP */
-# define COMPILER_VERSION_MAJOR DEC(__IBMCPP__/100)
-# define COMPILER_VERSION_MINOR DEC(__IBMCPP__/10 % 10)
-# define COMPILER_VERSION_PATCH DEC(__IBMCPP__    % 10)
+/* __IBMCPP__ = VRP */
+# define COMPILER_VERSION_MAJOR DEC(__IBMCPP__ / 100)
+# define COMPILER_VERSION_MINOR DEC(__IBMCPP__ / 10 % 10)
+# define COMPILER_VERSION_PATCH DEC(__IBMCPP__ % 10)
@@ -198,4 +198,4 @@
-  /* __IBMCPP__ = VRP */
-# define COMPILER_VERSION_MAJOR DEC(__IBMCPP__/100)
-# define COMPILER_VERSION_MINOR DEC(__IBMCPP__/10 % 10)
-# define COMPILER_VERSION_PATCH DEC(__IBMCPP__    % 10)
+/* __IBMCPP__ = VRP */
+# define COMPILER_VERSION_MAJOR DEC(__IBMCPP__ / 100)
+# define COMPILER_VERSION_MINOR DEC(__IBMCPP__ / 10 % 10)
+# define COMPILER_VERSION_PATCH DEC(__IBMCPP__ % 10)
@@ -226,4 +226,4 @@
-  /* __TI_COMPILER_VERSION__ = VVVRRRPPP */
-# define COMPILER_VERSION_MAJOR DEC(__TI_COMPILER_VERSION__/1000000)
-# define COMPILER_VERSION_MINOR DEC(__TI_COMPILER_VERSION__/1000   % 1000)
-# define COMPILER_VERSION_PATCH DEC(__TI_COMPILER_VERSION__        % 1000)
+/* __TI_COMPILER_VERSION__ = VVVRRRPPP */
+# define COMPILER_VERSION_MAJOR DEC(__TI_COMPILER_VERSION__ / 1000000)
+# define COMPILER_VERSION_MINOR DEC(__TI_COMPILER_VERSION__ / 1000 % 1000)
+# define COMPILER_VERSION_PATCH DEC(__TI_COMPILER_VERSION__ % 1000)
@@ -261 +261 @@
-# define COMPILER_VERSION_PATCH DEC(__GHS_VERSION_NUMBER      % 10)
+# define COMPILER_VERSION_PATCH DEC(__GHS_VERSION_NUMBER % 10)
@@ -270,4 +270,4 @@
-  /* __ARMCC_VERSION = VRRPPPP */
-  # define COMPILER_VERSION_MAJOR DEC(__ARMCC_VERSION/1000000)
-  # define COMPILER_VERSION_MINOR DEC(__ARMCC_VERSION/10000 % 100)
-  # define COMPILER_VERSION_PATCH DEC(__ARMCC_VERSION     % 10000)
+/* __ARMCC_VERSION = VRRPPPP */
+  # define COMPILER_VERSION_MAJOR DEC(__ARMCC_VERSION / 1000000)
+  # define COMPILER_VERSION_MINOR DEC(__ARMCC_VERSION / 10000 % 100)
+  # define COMPILER_VERSION_PATCH DEC(__ARMCC_VERSION % 10000)
@@ -275,4 +275,4 @@
-  /* __ARMCC_VERSION = VRPPPP */
-  # define COMPILER_VERSION_MAJOR DEC(__ARMCC_VERSION/100000)
-  # define COMPILER_VERSION_MINOR DEC(__ARMCC_VERSION/10000 % 10)
-  # define COMPILER_VERSION_PATCH DEC(__ARMCC_VERSION    % 10000)
+/* __ARMCC_VERSION = VRPPPP */
+  # define COMPILER_VERSION_MAJOR DEC(__ARMCC_VERSION / 100000)
+  # define COMPILER_VERSION_MINOR DEC(__ARMCC_VERSION / 10000 % 10)
+  # define COMPILER_VERSION_PATCH DEC(__ARMCC_VERSION % 10000)
@@ -291 +291 @@
-   /* _MSC_VER = VVRR */
+/* _MSC_VER = VVRR */
@@ -299,3 +299,3 @@
-  # define COMPILER_VERSION_MAJOR DEC(__ARMCOMPILER_VERSION/1000000)
-  # define COMPILER_VERSION_MINOR DEC(__ARMCOMPILER_VERSION/10000 % 100)
-  # define COMPILER_VERSION_PATCH DEC(__ARMCOMPILER_VERSION     % 10000)
+  # define COMPILER_VERSION_MAJOR DEC(__ARMCOMPILER_VERSION / 1000000)
+  # define COMPILER_VERSION_MINOR DEC(__ARMCOMPILER_VERSION / 10000 % 100)
+  # define COMPILER_VERSION_PATCH DEC(__ARMCOMPILER_VERSION % 10000)
@@ -313 +313 @@
-   /* _MSC_VER = VVRR */
+/* _MSC_VER = VVRR */
@@ -334 +334 @@
-  /* _MSC_VER = VVRR */
+/* _MSC_VER = VVRR */
@@ -339 +339 @@
-    /* _MSC_FULL_VER = VVRRPPPPP */
+/* _MSC_FULL_VER = VVRRPPPPP */
@@ -342 +342 @@
-    /* _MSC_FULL_VER = VVRRPPPP */
+/* _MSC_FULL_VER = VVRRPPPP */
@@ -350 +350,2 @@
-#elif defined(__VISUALDSPVERSION__) || defined(__ADSPBLACKFIN__) || defined(__ADSPTS__) || defined(__ADSP21000__)
+#elif defined(__VISUALDSPVERSION__) || defined(__ADSPBLACKFIN__) || defined(__ADSPTS__) || \
+  defined(__ADSP21000__)
@@ -353,4 +354,4 @@
-  /* __VISUALDSPVERSION__ = 0xVVRRPP00 */
-# define COMPILER_VERSION_MAJOR HEX(__VISUALDSPVERSION__>>24)
-# define COMPILER_VERSION_MINOR HEX(__VISUALDSPVERSION__>>16 & 0xFF)
-# define COMPILER_VERSION_PATCH HEX(__VISUALDSPVERSION__>>8  & 0xFF)
+/* __VISUALDSPVERSION__ = 0xVVRRPP00 */
+# define COMPILER_VERSION_MAJOR HEX(__VISUALDSPVERSION__ >> 24)
+# define COMPILER_VERSION_MINOR HEX(__VISUALDSPVERSION__ >> 16 & 0xFF)
+# define COMPILER_VERSION_PATCH HEX(__VISUALDSPVERSION__ >> 8 & 0xFF)
@@ -366 +367,3 @@
-# elif defined(__VER__) && (defined(__ICCAVR__) || defined(__ICCRX__) || defined(__ICCRH850__) || defined(__ICCRL78__) || defined(__ICC430__) || defined(__ICCRISCV__) || defined(__ICCV850__) || defined(__ICC8051__) || defined(__ICCSTM8__))
+# elif defined(__VER__) && (defined(__ICCAVR__) || defined(__ICCRX__) || defined(__ICCRH850__) || \
+  defined(__ICCRL78__) || defined(__ICC430__) || defined(__ICCRISCV__) || defined(__ICCV850__) || \
+  defined(__ICC8051__) || defined(__ICCSTM8__))
@@ -368 +371 @@
-#  define COMPILER_VERSION_MINOR DEC((__VER__) - (((__VER__) / 100)*100))
+#  define COMPILER_VERSION_MINOR DEC((__VER__) -(((__VER__) / 100) * 100))
@@ -388 +391 @@
-char const* info_compiler = "INFO" ":" "compiler[" COMPILER_ID "]";
+char const * info_compiler = "INFO" ":" "compiler[" COMPILER_ID "]";
@@ -390 +393 @@
-char const* info_simulate = "INFO" ":" "simulate[" SIMULATE_ID "]";
+char const * info_simulate = "INFO" ":" "simulate[" SIMULATE_ID "]";
@@ -394 +397 @@
-char const* qnxnto = "INFO" ":" "qnxnto[]";
+char const * qnxnto = "INFO" ":" "qnxnto[]";
@@ -398 +401 @@
-char const *info_cray = "INFO" ":" "compiler_wrapper[CrayPrgEnv]";
+char const * info_cray = "INFO" ":" "compiler_wrapper[CrayPrgEnv]";
@@ -641,9 +644,9 @@
-#define DEC(n)                   \
-  ('0' + (((n) / 10000000)%10)), \
-  ('0' + (((n) / 1000000)%10)),  \
-  ('0' + (((n) / 100000)%10)),   \
-  ('0' + (((n) / 10000)%10)),    \
-  ('0' + (((n) / 1000)%10)),     \
-  ('0' + (((n) / 100)%10)),      \
-  ('0' + (((n) / 10)%10)),       \
-  ('0' +  ((n) % 10))
+#define DEC(n) \
+  ('0' + (((n) / 10000000) % 10)), \
+  ('0' + (((n) / 1000000) % 10)), \
+  ('0' + (((n) / 100000) % 10)), \
+  ('0' + (((n) / 10000) % 10)), \
+  ('0' + (((n) / 1000) % 10)), \
+  ('0' + (((n) / 100) % 10)), \
+  ('0' + (((n) / 10) % 10)), \
+  ('0' + ((n) % 10))
@@ -652,9 +655,9 @@
-#define HEX(n)             \
-  ('0' + ((n)>>28 & 0xF)), \
-  ('0' + ((n)>>24 & 0xF)), \
-  ('0' + ((n)>>20 & 0xF)), \
-  ('0' + ((n)>>16 & 0xF)), \
-  ('0' + ((n)>>12 & 0xF)), \
-  ('0' + ((n)>>8  & 0xF)), \
-  ('0' + ((n)>>4  & 0xF)), \
-  ('0' + ((n)     & 0xF))
+#define HEX(n) \
+  ('0' + ((n) >> 28 & 0xF)), \
+  ('0' + ((n) >> 24 & 0xF)), \
+  ('0' + ((n) >> 20 & 0xF)), \
+  ('0' + ((n) >> 16 & 0xF)), \
+  ('0' + ((n) >> 12 & 0xF)), \
+  ('0' + ((n) >> 8 & 0xF)), \
+  ('0' + ((n) >> 4 & 0xF)), \
+  ('0' + ((n) & 0xF))
@@ -664 +667 @@
-char const* info_version = "INFO" ":" "compiler_version[" COMPILER_VERSION "]";
+char const * info_version = "INFO" ":" "compiler_version[" COMPILER_VERSION "]";
@@ -670 +673 @@
-  'c','o','m','p','i','l','e','r','_','v','e','r','s','i','o','n','[',
+  'c', 'o', 'm', 'p', 'i', 'l', 'e', 'r', '_', 'v', 'e', 'r', 's', 'i', 'o', 'n', '[',
@@ -675 +678 @@
-   '.', COMPILER_VERSION_PATCH,
+  '.', COMPILER_VERSION_PATCH,
@@ -677 +680 @@
-    '.', COMPILER_VERSION_TWEAK,
+  '.', COMPILER_VERSION_TWEAK,
@@ -681 +684 @@
-  ']','\0'};
+  ']', '\0'};
@@ -688,3 +691,3 @@
-  'c','o','m','p','i','l','e','r','_','v','e','r','s','i','o','n','_',
-  'i','n','t','e','r','n','a','l','[',
-  COMPILER_VERSION_INTERNAL,']','\0'};
+  'c', 'o', 'm', 'p', 'i', 'l', 'e', 'r', '_', 'v', 'e', 'r', 's', 'i', 'o', 'n', '_',
+  'i', 'n', 't', 'e', 'r', 'n', 'a', 'l', '[',
+  COMPILER_VERSION_INTERNAL, ']', '\0'};
@@ -692 +695,2 @@
-char const* info_version_internal = "INFO" ":" "compiler_version_internal[" COMPILER_VERSION_INTERNAL_STR "]";
+char const * info_version_internal =
+  "INFO" ":" "compiler_version_internal[" COMPILER_VERSION_INTERNAL_STR "]";
@@ -699 +703 @@
-  's','i','m','u','l','a','t','e','_','v','e','r','s','i','o','n','[',
+  's', 'i', 'm', 'u', 'l', 'a', 't', 'e', '_', 'v', 'e', 'r', 's', 'i', 'o', 'n', '[',
@@ -704 +708 @@
-   '.', SIMULATE_VERSION_PATCH,
+  '.', SIMULATE_VERSION_PATCH,
@@ -706 +710 @@
-    '.', SIMULATE_VERSION_TWEAK,
+  '.', SIMULATE_VERSION_TWEAK,
@@ -710 +714 @@
-  ']','\0'};
+  ']', '\0'};
@@ -717,3 +721,2 @@
-char const* info_platform = "INFO" ":" "platform[" PLATFORM_ID "]";
-char const* info_arch = "INFO" ":" "arch[" ARCHITECTURE_ID "]";
-
+char const * info_platform = "INFO" ":" "platform[" PLATFORM_ID "]";
+char const * info_arch = "INFO" ":" "arch[" ARCHITECTURE_ID "]";
@@ -738 +741 @@
-const char* info_language_standard_default = "INFO" ":" "standard_default["
+const char * info_language_standard_default = "INFO" ":" "standard_default["
@@ -752,3 +755,3 @@
-"]";
-
-const char* info_language_extensions_default = "INFO" ":" "extensions_default["
+  "]";
+
+const char * info_language_extensions_default = "INFO" ":" "extensions_default["
@@ -756,2 +759,2 @@
-#if (defined(__clang__) || defined(__GNUC__) ||                               \
-     defined(__TI_COMPILER_VERSION__)) &&                                     \
+#if (defined(__clang__) || defined(__GNUC__) || \
+  defined(__TI_COMPILER_VERSION__)) && \
@@ -763 +766 @@
-"]";
+  "]";
@@ -767 +770 @@
-int main(int argc, char* argv[])
+int main(int argc, char * argv[])

Code style divergence in file 'tests/circle_tests.cpp':

--- tests/circle_tests.cpp
+++ tests/circle_tests.cpp.uncrustify
@@ -13 +13 @@
-TEMPLATE_TEST_CASE("circle tests", "[centers and radii]", double){
+TEMPLATE_TEST_CASE("circle tests", "[centers and radii]", double) {
@@ -15,24 +15,13 @@
-    SECTION("test 1"){
-        RangeID range{};
-        Clusters cluster{};
-        std::vector<double> input_x = {1.0, 2.0, 5.0, 7.0, 9.0, 3.0};
-        std::vector<double> input_y = {7.0, 6.0, 8.0, 7.0, 5.0, 7.0};
-        for (int i{0}; i < (int) input_x.size(); i++)
-        {
-            range = RangeID();
-            double r = sqrt(input_x.at(i)*input_x.at(i) + input_y.at(i)*input_y.at(i));
-            double angle = atan2(input_y.at(i), input_x.at(i));
-            range.range = r;
-            range.angle = angle;
-            range.cluster = 0;
-            cluster.ranges.push_back(range);
-        }
-        cluster.n_clusters = 1;
-        std::vector<Vector2D> centroids = centroid_finder(cluster);
-        ClustersCentroids cluster_shift = shift_points(cluster, centroids);
-        std::vector<Circle> detected_circles = circle_detection(cluster_shift);
-        
-        CHECK_THAT(detected_circles.at(0).a, WithinAbs(4.615482, .0001));
-        CHECK_THAT(detected_circles.at(0).b, WithinAbs(2.807354, .0001));
-        CHECK_THAT(detected_circles.at(0).R, WithinAbs(4.8275, .0001));
-        
+  SECTION("test 1") {
+    RangeID range{};
+    Clusters cluster{};
+    std::vector<double> input_x = {1.0, 2.0, 5.0, 7.0, 9.0, 3.0};
+    std::vector<double> input_y = {7.0, 6.0, 8.0, 7.0, 5.0, 7.0};
+    for (int i{0}; i < (int) input_x.size(); i++) {
+      range = RangeID();
+      double r = sqrt(input_x.at(i) * input_x.at(i) + input_y.at(i) * input_y.at(i));
+      double angle = atan2(input_y.at(i), input_x.at(i));
+      range.range = r;
+      range.angle = angle;
+      range.cluster = 0;
+      cluster.ranges.push_back(range);
@@ -39,0 +29,4 @@
+    cluster.n_clusters = 1;
+    std::vector<Vector2D> centroids = centroid_finder(cluster);
+    ClustersCentroids cluster_shift = shift_points(cluster, centroids);
+    std::vector<Circle> detected_circles = circle_detection(cluster_shift);
@@ -41,24 +34,19 @@
-        SECTION("test 2"){
-        RangeID range{};
-        Clusters cluster{};
-        std::vector<double> input_x = {-1.0, -0.3, 0.3, 1.0};
-        std::vector<double> input_y = {0.0, -0.06, 0.1, 0.0};
-        for (int i{0}; i < (int) input_x.size(); i++)
-        {
-            range = RangeID();
-            double r = sqrt(input_x.at(i)*input_x.at(i) + input_y.at(i)*input_y.at(i));
-            double angle = atan2(input_y.at(i), input_x.at(i));
-            range.range = r;
-            range.angle = angle;
-            range.cluster = 0;
-            cluster.ranges.push_back(range);
-        }
-        cluster.n_clusters = 1;
-        std::vector<Vector2D> centroids = centroid_finder(cluster);
-        ClustersCentroids cluster_shift = shift_points(cluster, centroids);
-        std::vector<Circle> detected_circles = circle_detection(cluster_shift);
-        
-        CHECK_THAT(detected_circles.at(0).a, WithinAbs(0.4908357, .0001));
-        CHECK_THAT(detected_circles.at(0).b, WithinAbs( -22.15212, .0001));
-        CHECK_THAT(detected_circles.at(0).R, WithinAbs(22.17979, .0001));
-        
+    CHECK_THAT(detected_circles.at(0).a, WithinAbs(4.615482, .0001));
+    CHECK_THAT(detected_circles.at(0).b, WithinAbs(2.807354, .0001));
+    CHECK_THAT(detected_circles.at(0).R, WithinAbs(4.8275, .0001));
+
+  }
+
+  SECTION("test 2") {
+    RangeID range{};
+    Clusters cluster{};
+    std::vector<double> input_x = {-1.0, -0.3, 0.3, 1.0};
+    std::vector<double> input_y = {0.0, -0.06, 0.1, 0.0};
+    for (int i{0}; i < (int) input_x.size(); i++) {
+      range = RangeID();
+      double r = sqrt(input_x.at(i) * input_x.at(i) + input_y.at(i) * input_y.at(i));
+      double angle = atan2(input_y.at(i), input_x.at(i));
+      range.range = r;
+      range.angle = angle;
+      range.cluster = 0;
+      cluster.ranges.push_back(range);
@@ -66 +54,11 @@
-}
+    cluster.n_clusters = 1;
+    std::vector<Vector2D> centroids = centroid_finder(cluster);
+    ClustersCentroids cluster_shift = shift_points(cluster, centroids);
+    std::vector<Circle> detected_circles = circle_detection(cluster_shift);
+
+    CHECK_THAT(detected_circles.at(0).a, WithinAbs(0.4908357, .0001));
+    CHECK_THAT(detected_circles.at(0).b, WithinAbs(-22.15212, .0001));
+    CHECK_THAT(detected_circles.at(0).R, WithinAbs(22.17979, .0001));
+
+  }
+}

3 files with code style divergence
No code style divergence in file 'src/landmarks.cpp'

No code style divergence in file 'src/odometry.cpp'

No code style divergence in file 'src/slam.cpp'

-- run_test.py: return code 1
-- run_test.py: verify result file '/home/kevin/workspaces/SLAM/hw1/src/nuturtle-knella92/nuslam/build/test_results/nuslam/uncrustify.xunit.xml'
<end of output>
Test time =   0.36 sec
----------------------------------------------------------
Test Failed.
"uncrustify" end time: Mar 19 16:45 CDT
"uncrustify" time elapsed: 00:00:00
----------------------------------------------------------

5/5 Testing: xmllint
5/5 Test: xmllint
Command: "/usr/bin/python3.10" "-u" "/opt/ros/humble/share/ament_cmake_test/cmake/run_test.py" "/home/kevin/workspaces/SLAM/hw1/src/nuturtle-knella92/nuslam/build/test_results/nuslam/xmllint.xunit.xml" "--package-name" "nuslam" "--output-file" "/home/kevin/workspaces/SLAM/hw1/src/nuturtle-knella92/nuslam/build/ament_xmllint/xmllint.txt" "--command" "/opt/ros/humble/bin/ament_xmllint" "--xunit-file" "/home/kevin/workspaces/SLAM/hw1/src/nuturtle-knella92/nuslam/build/test_results/nuslam/xmllint.xunit.xml"
Directory: /home/kevin/workspaces/SLAM/hw1/src/nuturtle-knella92/nuslam
"xmllint" start time: Mar 19 16:45 CDT
Output:
----------------------------------------------------------
-- run_test.py: invoking following command in '/home/kevin/workspaces/SLAM/hw1/src/nuturtle-knella92/nuslam':
 - /opt/ros/humble/bin/ament_xmllint --xunit-file /home/kevin/workspaces/SLAM/hw1/src/nuturtle-knella92/nuslam/build/test_results/nuslam/xmllint.xunit.xml
File 'package.xml' is valid

File 'build/test_results/nuslam/cppcheck.xunit.xml' is valid

File 'build/test_results/nuslam/lint_cmake.xunit.xml' is valid

File 'build/test_results/nuslam/uncrustify.xunit.xml' is valid

File 'build/test_results/nuslam/xmllint.xunit.xml' is valid

File 'launch/landmark_detect.launch.xml' is valid

File 'launch/pc_bringup.launch.xml' is valid

File 'launch/slam.launch.xml' is valid

File 'launch/turtlebot_bringup.launch.xml' is valid

File 'launch/unknown_data_assoc.launch.xml' is valid

No problems found
-- run_test.py: return code 0
-- run_test.py: verify result file '/home/kevin/workspaces/SLAM/hw1/src/nuturtle-knella92/nuslam/build/test_results/nuslam/xmllint.xunit.xml'
<end of output>
Test time =   0.28 sec
----------------------------------------------------------
Test Passed.
"xmllint" end time: Mar 19 16:45 CDT
"xmllint" time elapsed: 00:00:00
----------------------------------------------------------

End testing: Mar 19 16:45 CDT

cppcheck =   0.20 sec*proc

lint_cmake =   0.26 sec*proc

linter =   1.10 sec*proc

uncrustify =   0.36 sec*proc

xmllint =   0.28 sec*proc

