Start testing: Feb 02 18:41 CST
----------------------------------------------------------
1/1 Testing: Test_of_Turtlelib
1/1 Test: Test_of_Turtlelib
Command: "/home/kevin/workspaces/SLAM/hw1/src/nuturtle-knella92/turtlelib/build/turtlelib_test"
Directory: /home/kevin/workspaces/SLAM/hw1/src/nuturtle-knella92/turtlelib/build
"Test_of_Turtlelib" start time: Feb 02 18:41 CST
Output:
----------------------------------------------------------
Randomness seeded to: 2393791527
===============================================================================
All tests passed (30 assertions in 12 test cases)

<end of output>
Test time =   0.00 sec
----------------------------------------------------------
Test Passed.
"Test_of_Turtlelib" end time: Feb 02 18:41 CST
"Test_of_Turtlelib" time elapsed: 00:00:00
----------------------------------------------------------

End testing: Feb 02 18:41 CST
