Start testing: Feb 09 14:13 CST
----------------------------------------------------------
1/1 Testing: Test_of_Turtlelib
1/1 Test: Test_of_Turtlelib
Command: "/home/kevin/workspaces/SLAM/hw1/src/nuturtle-knella92/turtlelib/build/turtlelib_test"
Directory: /home/kevin/workspaces/SLAM/hw1/src/nuturtle-knella92/turtlelib/build
"Test_of_Turtlelib" start time: Feb 09 14:13 CST
Output:
----------------------------------------------------------
Randomness seeded to: 2298931767
over 0
under 0
under 0
over 0
under 0
===============================================================================
All tests passed (134 assertions in 23 test cases)

<end of output>
Test time =   0.00 sec
----------------------------------------------------------
Test Passed.
"Test_of_Turtlelib" end time: Feb 09 14:13 CST
"Test_of_Turtlelib" time elapsed: 00:00:00
----------------------------------------------------------

End testing: Feb 09 14:13 CST
