<?xml version="1.0" encoding="UTF-8"?>
<testsuite
  name="nuslam.lint_cmake"
  tests="217"
  errors="0"
  failures="208"
  time="0.059"
>
  <testcase
    name="whitespace/eol (CMakeLists.txt:44)"
    classname="nuslam.lint_cmake"
  >
      <failure message="Line ends in whitespace"/>
  </testcase>
  <testcase
    name="build/CTestCustom.cmake"
    classname="nuslam.lint_cmake"/>
  <testcase
    name="whitespace/eol (build/CTestTestfile.cmake:1)"
    classname="nuslam.lint_cmake"
  >
      <failure message="Line ends in whitespace"/>
  </testcase>
  <testcase
    name="whitespace/eol (build/CTestTestfile.cmake:4)"
    classname="nuslam.lint_cmake"
  >
      <failure message="Line ends in whitespace"/>
  </testcase>
  <testcase
    name="whitespace/eol (build/CTestTestfile.cmake:5)"
    classname="nuslam.lint_cmake"
  >
      <failure message="Line ends in whitespace"/>
  </testcase>
  <testcase
    name="linelength (build/CTestTestfile.cmake:8)"
    classname="nuslam.lint_cmake"
  >
      <failure message="Lines should be &lt;= 140 characters long"/>
  </testcase>
  <testcase
    name="linelength (build/CTestTestfile.cmake:9)"
    classname="nuslam.lint_cmake"
  >
      <failure message="Lines should be &lt;= 140 characters long"/>
  </testcase>
  <testcase
    name="linelength (build/CTestTestfile.cmake:10)"
    classname="nuslam.lint_cmake"
  >
      <failure message="Lines should be &lt;= 140 characters long"/>
  </testcase>
  <testcase
    name="linelength (build/CTestTestfile.cmake:11)"
    classname="nuslam.lint_cmake"
  >
      <failure message="Lines should be &lt;= 140 characters long"/>
  </testcase>
  <testcase
    name="linelength (build/CTestTestfile.cmake:12)"
    classname="nuslam.lint_cmake"
  >
      <failure message="Lines should be &lt;= 140 characters long"/>
  </testcase>
  <testcase
    name="linelength (build/CTestTestfile.cmake:13)"
    classname="nuslam.lint_cmake"
  >
      <failure message="Lines should be &lt;= 140 characters long"/>
  </testcase>
  <testcase
    name="linelength (build/CTestTestfile.cmake:14)"
    classname="nuslam.lint_cmake"
  >
      <failure message="Lines should be &lt;= 140 characters long"/>
  </testcase>
  <testcase
    name="linelength (build/CTestTestfile.cmake:15)"
    classname="nuslam.lint_cmake"
  >
      <failure message="Lines should be &lt;= 140 characters long"/>
  </testcase>
  <testcase
    name="linelength (build/CTestTestfile.cmake:16)"
    classname="nuslam.lint_cmake"
  >
      <failure message="Lines should be &lt;= 140 characters long"/>
  </testcase>
  <testcase
    name="whitespace/indent (build/cmake_install.cmake:13)"
    classname="nuslam.lint_cmake"
  >
      <failure message="Weird indentation; use 2 spaces"/>
  </testcase>
  <testcase
    name="whitespace/mismatch (build/cmake_install.cmake:46)"
    classname="nuslam.lint_cmake"
  >
      <failure message="Mismatching spaces inside () after command"/>
  </testcase>
  <testcase
    name="whitespace/indent (build/cmake_install.cmake:54)"
    classname="nuslam.lint_cmake"
  >
      <failure message="Weird indentation; use 2 spaces"/>
  </testcase>
  <testcase
    name="whitespace/indent (build/cmake_install.cmake:56)"
    classname="nuslam.lint_cmake"
  >
      <failure message="Weird indentation; use 2 spaces"/>
  </testcase>
  <testcase
    name="whitespace/indent (build/cmake_install.cmake:57)"
    classname="nuslam.lint_cmake"
  >
      <failure message="Weird indentation; use 2 spaces"/>
  </testcase>
  <testcase
    name="linelength (build/cmake_install.cmake:59)"
    classname="nuslam.lint_cmake"
  >
      <failure message="Lines should be &lt;= 140 characters long"/>
  </testcase>
  <testcase
    name="whitespace/indent (build/cmake_install.cmake:61)"
    classname="nuslam.lint_cmake"
  >
      <failure message="Weird indentation; use 2 spaces"/>
  </testcase>
  <testcase
    name="whitespace/indent (build/cmake_install.cmake:63)"
    classname="nuslam.lint_cmake"
  >
      <failure message="Weird indentation; use 2 spaces"/>
  </testcase>
  <testcase
    name="linelength (build/cmake_install.cmake:64)"
    classname="nuslam.lint_cmake"
  >
      <failure message="Lines should be &lt;= 140 characters long"/>
  </testcase>
  <testcase
    name="whitespace/indent (build/cmake_install.cmake:64)"
    classname="nuslam.lint_cmake"
  >
      <failure message="Weird indentation; use 2 spaces"/>
  </testcase>
  <testcase
    name="whitespace/indent (build/cmake_install.cmake:65)"
    classname="nuslam.lint_cmake"
  >
      <failure message="Weird indentation; use 2 spaces"/>
  </testcase>
  <testcase
    name="whitespace/indent (build/cmake_install.cmake:74)"
    classname="nuslam.lint_cmake"
  >
      <failure message="Weird indentation; use 2 spaces"/>
  </testcase>
  <testcase
    name="whitespace/indent (build/cmake_install.cmake:76)"
    classname="nuslam.lint_cmake"
  >
      <failure message="Weird indentation; use 2 spaces"/>
  </testcase>
  <testcase
    name="whitespace/indent (build/cmake_install.cmake:77)"
    classname="nuslam.lint_cmake"
  >
      <failure message="Weird indentation; use 2 spaces"/>
  </testcase>
  <testcase
    name="linelength (build/cmake_install.cmake:79)"
    classname="nuslam.lint_cmake"
  >
      <failure message="Lines should be &lt;= 140 characters long"/>
  </testcase>
  <testcase
    name="whitespace/indent (build/cmake_install.cmake:81)"
    classname="nuslam.lint_cmake"
  >
      <failure message="Weird indentation; use 2 spaces"/>
  </testcase>
  <testcase
    name="whitespace/indent (build/cmake_install.cmake:83)"
    classname="nuslam.lint_cmake"
  >
      <failure message="Weird indentation; use 2 spaces"/>
  </testcase>
  <testcase
    name="linelength (build/cmake_install.cmake:84)"
    classname="nuslam.lint_cmake"
  >
      <failure message="Lines should be &lt;= 140 characters long"/>
  </testcase>
  <testcase
    name="whitespace/indent (build/cmake_install.cmake:84)"
    classname="nuslam.lint_cmake"
  >
      <failure message="Weird indentation; use 2 spaces"/>
  </testcase>
  <testcase
    name="whitespace/indent (build/cmake_install.cmake:85)"
    classname="nuslam.lint_cmake"
  >
      <failure message="Weird indentation; use 2 spaces"/>
  </testcase>
  <testcase
    name="linelength (build/cmake_install.cmake:93)"
    classname="nuslam.lint_cmake"
  >
      <failure message="Lines should be &lt;= 140 characters long"/>
  </testcase>
  <testcase
    name="linelength (build/cmake_install.cmake:97)"
    classname="nuslam.lint_cmake"
  >
      <failure message="Lines should be &lt;= 140 characters long"/>
  </testcase>
  <testcase
    name="linelength (build/cmake_install.cmake:101)"
    classname="nuslam.lint_cmake"
  >
      <failure message="Lines should be &lt;= 140 characters long"/>
  </testcase>
  <testcase
    name="linelength (build/cmake_install.cmake:105)"
    classname="nuslam.lint_cmake"
  >
      <failure message="Lines should be &lt;= 140 characters long"/>
  </testcase>
  <testcase
    name="linelength (build/cmake_install.cmake:109)"
    classname="nuslam.lint_cmake"
  >
      <failure message="Lines should be &lt;= 140 characters long"/>
  </testcase>
  <testcase
    name="linelength (build/cmake_install.cmake:113)"
    classname="nuslam.lint_cmake"
  >
      <failure message="Lines should be &lt;= 140 characters long"/>
  </testcase>
  <testcase
    name="linelength (build/cmake_install.cmake:117)"
    classname="nuslam.lint_cmake"
  >
      <failure message="Lines should be &lt;= 140 characters long"/>
  </testcase>
  <testcase
    name="linelength (build/cmake_install.cmake:121)"
    classname="nuslam.lint_cmake"
  >
      <failure message="Lines should be &lt;= 140 characters long"/>
  </testcase>
  <testcase
    name="linelength (build/cmake_install.cmake:125)"
    classname="nuslam.lint_cmake"
  >
      <failure message="Lines should be &lt;= 140 characters long"/>
  </testcase>
  <testcase
    name="linelength (build/cmake_install.cmake:129)"
    classname="nuslam.lint_cmake"
  >
      <failure message="Lines should be &lt;= 140 characters long"/>
  </testcase>
  <testcase
    name="linelength (build/cmake_install.cmake:133)"
    classname="nuslam.lint_cmake"
  >
      <failure message="Lines should be &lt;= 140 characters long"/>
  </testcase>
  <testcase
    name="linelength (build/cmake_install.cmake:137)"
    classname="nuslam.lint_cmake"
  >
      <failure message="Lines should be &lt;= 140 characters long"/>
  </testcase>
  <testcase
    name="whitespace/mismatch (build/cmake_install.cmake:141)"
    classname="nuslam.lint_cmake"
  >
      <failure message="Mismatching spaces inside () after command"/>
  </testcase>
  <testcase
    name="linelength (build/cmake_install.cmake:148)"
    classname="nuslam.lint_cmake"
  >
      <failure message="Lines should be &lt;= 140 characters long"/>
  </testcase>
  <testcase
    name="whitespace/indent (build/cmake_install.cmake:158)"
    classname="nuslam.lint_cmake"
  >
      <failure message="Weird indentation; use 2 spaces"/>
  </testcase>
  <testcase
    name="whitespace/indent (build/cmake_install.cmake:160)"
    classname="nuslam.lint_cmake"
  >
      <failure message="Weird indentation; use 2 spaces"/>
  </testcase>
  <testcase
    name="build/CMakeFiles/CMakeDirectoryInformation.cmake"
    classname="nuslam.lint_cmake"/>
  <testcase
    name="whitespace/mismatch (build/CMakeFiles/Makefile.cmake:8)"
    classname="nuslam.lint_cmake"
  >
      <failure message="Mismatching spaces inside () after command"/>
  </testcase>
  <testcase
    name="whitespace/mismatch (build/CMakeFiles/Makefile.cmake:967)"
    classname="nuslam.lint_cmake"
  >
      <failure message="Mismatching spaces inside () after command"/>
  </testcase>
  <testcase
    name="whitespace/mismatch (build/CMakeFiles/Makefile.cmake:973)"
    classname="nuslam.lint_cmake"
  >
      <failure message="Mismatching spaces inside () after command"/>
  </testcase>
  <testcase
    name="whitespace/mismatch (build/CMakeFiles/Makefile.cmake:996)"
    classname="nuslam.lint_cmake"
  >
      <failure message="Mismatching spaces inside () after command"/>
  </testcase>
  <testcase
    name="linelength (build/CMakeFiles/3.22.1/CMakeCCompiler.cmake:9)"
    classname="nuslam.lint_cmake"
  >
      <failure message="Lines should be &lt;= 140 characters long"/>
  </testcase>
  <testcase
    name="linelength (build/CMakeFiles/3.22.1/CMakeCCompiler.cmake:69)"
    classname="nuslam.lint_cmake"
  >
      <failure message="Lines should be &lt;= 140 characters long"/>
  </testcase>
  <testcase
    name="linelength (build/CMakeFiles/3.22.1/CMakeCXXCompiler.cmake:9)"
    classname="nuslam.lint_cmake"
  >
      <failure message="Lines should be &lt;= 140 characters long"/>
  </testcase>
  <testcase
    name="linelength (build/CMakeFiles/3.22.1/CMakeCXXCompiler.cmake:11)"
    classname="nuslam.lint_cmake"
  >
      <failure message="Lines should be &lt;= 140 characters long"/>
  </testcase>
  <testcase
    name="linelength (build/CMakeFiles/3.22.1/CMakeCXXCompiler.cmake:12)"
    classname="nuslam.lint_cmake"
  >
      <failure message="Lines should be &lt;= 140 characters long"/>
  </testcase>
  <testcase
    name="whitespace/extra (build/CMakeFiles/3.22.1/CMakeCXXCompiler.cmake:42)"
    classname="nuslam.lint_cmake"
  >
      <failure message="Extra spaces between 'foreach' and its ()"/>
  </testcase>
  <testcase
    name="whitespace/extra (build/CMakeFiles/3.22.1/CMakeCXXCompiler.cmake:43)"
    classname="nuslam.lint_cmake"
  >
      <failure message="Extra spaces between 'if' and its ()"/>
  </testcase>
  <testcase
    name="linelength (build/CMakeFiles/3.22.1/CMakeCXXCompiler.cmake:80)"
    classname="nuslam.lint_cmake"
  >
      <failure message="Lines should be &lt;= 140 characters long"/>
  </testcase>
  <testcase
    name="build/CMakeFiles/3.22.1/CMakeSystem.cmake"
    classname="nuslam.lint_cmake"/>
  <testcase
    name="whitespace/mismatch (build/CMakeFiles/Continuous.dir/DependInfo.cmake:6)"
    classname="nuslam.lint_cmake"
  >
      <failure message="Mismatching spaces inside () after command"/>
  </testcase>
  <testcase
    name="whitespace/mismatch (build/CMakeFiles/Continuous.dir/DependInfo.cmake:10)"
    classname="nuslam.lint_cmake"
  >
      <failure message="Mismatching spaces inside () after command"/>
  </testcase>
  <testcase
    name="whitespace/mismatch (build/CMakeFiles/Continuous.dir/DependInfo.cmake:14)"
    classname="nuslam.lint_cmake"
  >
      <failure message="Mismatching spaces inside () after command"/>
  </testcase>
  <testcase
    name="whitespace/mismatch (build/CMakeFiles/Continuous.dir/cmake_clean.cmake:6)"
    classname="nuslam.lint_cmake"
  >
      <failure message="Mismatching spaces inside () after command"/>
  </testcase>
  <testcase
    name="whitespace/mismatch (build/CMakeFiles/ContinuousBuild.dir/DependInfo.cmake:6)"
    classname="nuslam.lint_cmake"
  >
      <failure message="Mismatching spaces inside () after command"/>
  </testcase>
  <testcase
    name="whitespace/mismatch (build/CMakeFiles/ContinuousBuild.dir/DependInfo.cmake:10)"
    classname="nuslam.lint_cmake"
  >
      <failure message="Mismatching spaces inside () after command"/>
  </testcase>
  <testcase
    name="whitespace/mismatch (build/CMakeFiles/ContinuousBuild.dir/DependInfo.cmake:14)"
    classname="nuslam.lint_cmake"
  >
      <failure message="Mismatching spaces inside () after command"/>
  </testcase>
  <testcase
    name="whitespace/mismatch (build/CMakeFiles/ContinuousBuild.dir/cmake_clean.cmake:6)"
    classname="nuslam.lint_cmake"
  >
      <failure message="Mismatching spaces inside () after command"/>
  </testcase>
  <testcase
    name="whitespace/mismatch (build/CMakeFiles/ContinuousConfigure.dir/DependInfo.cmake:6)"
    classname="nuslam.lint_cmake"
  >
      <failure message="Mismatching spaces inside () after command"/>
  </testcase>
  <testcase
    name="whitespace/mismatch (build/CMakeFiles/ContinuousConfigure.dir/DependInfo.cmake:10)"
    classname="nuslam.lint_cmake"
  >
      <failure message="Mismatching spaces inside () after command"/>
  </testcase>
  <testcase
    name="whitespace/mismatch (build/CMakeFiles/ContinuousConfigure.dir/DependInfo.cmake:14)"
    classname="nuslam.lint_cmake"
  >
      <failure message="Mismatching spaces inside () after command"/>
  </testcase>
  <testcase
    name="whitespace/mismatch (build/CMakeFiles/ContinuousConfigure.dir/cmake_clean.cmake:6)"
    classname="nuslam.lint_cmake"
  >
      <failure message="Mismatching spaces inside () after command"/>
  </testcase>
  <testcase
    name="whitespace/mismatch (build/CMakeFiles/ContinuousCoverage.dir/DependInfo.cmake:6)"
    classname="nuslam.lint_cmake"
  >
      <failure message="Mismatching spaces inside () after command"/>
  </testcase>
  <testcase
    name="whitespace/mismatch (build/CMakeFiles/ContinuousCoverage.dir/DependInfo.cmake:10)"
    classname="nuslam.lint_cmake"
  >
      <failure message="Mismatching spaces inside () after command"/>
  </testcase>
  <testcase
    name="whitespace/mismatch (build/CMakeFiles/ContinuousCoverage.dir/DependInfo.cmake:14)"
    classname="nuslam.lint_cmake"
  >
      <failure message="Mismatching spaces inside () after command"/>
  </testcase>
  <testcase
    name="whitespace/mismatch (build/CMakeFiles/ContinuousCoverage.dir/cmake_clean.cmake:6)"
    classname="nuslam.lint_cmake"
  >
      <failure message="Mismatching spaces inside () after command"/>
  </testcase>
  <testcase
    name="whitespace/mismatch (build/CMakeFiles/ContinuousMemCheck.dir/DependInfo.cmake:6)"
    classname="nuslam.lint_cmake"
  >
      <failure message="Mismatching spaces inside () after command"/>
  </testcase>
  <testcase
    name="whitespace/mismatch (build/CMakeFiles/ContinuousMemCheck.dir/DependInfo.cmake:10)"
    classname="nuslam.lint_cmake"
  >
      <failure message="Mismatching spaces inside () after command"/>
  </testcase>
  <testcase
    name="whitespace/mismatch (build/CMakeFiles/ContinuousMemCheck.dir/DependInfo.cmake:14)"
    classname="nuslam.lint_cmake"
  >
      <failure message="Mismatching spaces inside () after command"/>
  </testcase>
  <testcase
    name="whitespace/mismatch (build/CMakeFiles/ContinuousMemCheck.dir/cmake_clean.cmake:6)"
    classname="nuslam.lint_cmake"
  >
      <failure message="Mismatching spaces inside () after command"/>
  </testcase>
  <testcase
    name="whitespace/mismatch (build/CMakeFiles/ContinuousStart.dir/DependInfo.cmake:6)"
    classname="nuslam.lint_cmake"
  >
      <failure message="Mismatching spaces inside () after command"/>
  </testcase>
  <testcase
    name="whitespace/mismatch (build/CMakeFiles/ContinuousStart.dir/DependInfo.cmake:10)"
    classname="nuslam.lint_cmake"
  >
      <failure message="Mismatching spaces inside () after command"/>
  </testcase>
  <testcase
    name="whitespace/mismatch (build/CMakeFiles/ContinuousStart.dir/DependInfo.cmake:14)"
    classname="nuslam.lint_cmake"
  >
      <failure message="Mismatching spaces inside () after command"/>
  </testcase>
  <testcase
    name="whitespace/mismatch (build/CMakeFiles/ContinuousStart.dir/cmake_clean.cmake:6)"
    classname="nuslam.lint_cmake"
  >
      <failure message="Mismatching spaces inside () after command"/>
  </testcase>
  <testcase
    name="whitespace/mismatch (build/CMakeFiles/ContinuousSubmit.dir/DependInfo.cmake:6)"
    classname="nuslam.lint_cmake"
  >
      <failure message="Mismatching spaces inside () after command"/>
  </testcase>
  <testcase
    name="whitespace/mismatch (build/CMakeFiles/ContinuousSubmit.dir/DependInfo.cmake:10)"
    classname="nuslam.lint_cmake"
  >
      <failure message="Mismatching spaces inside () after command"/>
  </testcase>
  <testcase
    name="whitespace/mismatch (build/CMakeFiles/ContinuousSubmit.dir/DependInfo.cmake:14)"
    classname="nuslam.lint_cmake"
  >
      <failure message="Mismatching spaces inside () after command"/>
  </testcase>
  <testcase
    name="whitespace/mismatch (build/CMakeFiles/ContinuousSubmit.dir/cmake_clean.cmake:6)"
    classname="nuslam.lint_cmake"
  >
      <failure message="Mismatching spaces inside () after command"/>
  </testcase>
  <testcase
    name="whitespace/mismatch (build/CMakeFiles/ContinuousTest.dir/DependInfo.cmake:6)"
    classname="nuslam.lint_cmake"
  >
      <failure message="Mismatching spaces inside () after command"/>
  </testcase>
  <testcase
    name="whitespace/mismatch (build/CMakeFiles/ContinuousTest.dir/DependInfo.cmake:10)"
    classname="nuslam.lint_cmake"
  >
      <failure message="Mismatching spaces inside () after command"/>
  </testcase>
  <testcase
    name="whitespace/mismatch (build/CMakeFiles/ContinuousTest.dir/DependInfo.cmake:14)"
    classname="nuslam.lint_cmake"
  >
      <failure message="Mismatching spaces inside () after command"/>
  </testcase>
  <testcase
    name="whitespace/mismatch (build/CMakeFiles/ContinuousTest.dir/cmake_clean.cmake:6)"
    classname="nuslam.lint_cmake"
  >
      <failure message="Mismatching spaces inside () after command"/>
  </testcase>
  <testcase
    name="whitespace/mismatch (build/CMakeFiles/ContinuousUpdate.dir/DependInfo.cmake:6)"
    classname="nuslam.lint_cmake"
  >
      <failure message="Mismatching spaces inside () after command"/>
  </testcase>
  <testcase
    name="whitespace/mismatch (build/CMakeFiles/ContinuousUpdate.dir/DependInfo.cmake:10)"
    classname="nuslam.lint_cmake"
  >
      <failure message="Mismatching spaces inside () after command"/>
  </testcase>
  <testcase
    name="whitespace/mismatch (build/CMakeFiles/ContinuousUpdate.dir/DependInfo.cmake:14)"
    classname="nuslam.lint_cmake"
  >
      <failure message="Mismatching spaces inside () after command"/>
  </testcase>
  <testcase
    name="whitespace/mismatch (build/CMakeFiles/ContinuousUpdate.dir/cmake_clean.cmake:6)"
    classname="nuslam.lint_cmake"
  >
      <failure message="Mismatching spaces inside () after command"/>
  </testcase>
  <testcase
    name="whitespace/mismatch (build/CMakeFiles/Experimental.dir/DependInfo.cmake:6)"
    classname="nuslam.lint_cmake"
  >
      <failure message="Mismatching spaces inside () after command"/>
  </testcase>
  <testcase
    name="whitespace/mismatch (build/CMakeFiles/Experimental.dir/DependInfo.cmake:10)"
    classname="nuslam.lint_cmake"
  >
      <failure message="Mismatching spaces inside () after command"/>
  </testcase>
  <testcase
    name="whitespace/mismatch (build/CMakeFiles/Experimental.dir/DependInfo.cmake:14)"
    classname="nuslam.lint_cmake"
  >
      <failure message="Mismatching spaces inside () after command"/>
  </testcase>
  <testcase
    name="whitespace/mismatch (build/CMakeFiles/Experimental.dir/cmake_clean.cmake:6)"
    classname="nuslam.lint_cmake"
  >
      <failure message="Mismatching spaces inside () after command"/>
  </testcase>
  <testcase
    name="whitespace/mismatch (build/CMakeFiles/ExperimentalBuild.dir/DependInfo.cmake:6)"
    classname="nuslam.lint_cmake"
  >
      <failure message="Mismatching spaces inside () after command"/>
  </testcase>
  <testcase
    name="whitespace/mismatch (build/CMakeFiles/ExperimentalBuild.dir/DependInfo.cmake:10)"
    classname="nuslam.lint_cmake"
  >
      <failure message="Mismatching spaces inside () after command"/>
  </testcase>
  <testcase
    name="whitespace/mismatch (build/CMakeFiles/ExperimentalBuild.dir/DependInfo.cmake:14)"
    classname="nuslam.lint_cmake"
  >
      <failure message="Mismatching spaces inside () after command"/>
  </testcase>
  <testcase
    name="whitespace/mismatch (build/CMakeFiles/ExperimentalBuild.dir/cmake_clean.cmake:6)"
    classname="nuslam.lint_cmake"
  >
      <failure message="Mismatching spaces inside () after command"/>
  </testcase>
  <testcase
    name="whitespace/mismatch (build/CMakeFiles/ExperimentalConfigure.dir/DependInfo.cmake:6)"
    classname="nuslam.lint_cmake"
  >
      <failure message="Mismatching spaces inside () after command"/>
  </testcase>
  <testcase
    name="whitespace/mismatch (build/CMakeFiles/ExperimentalConfigure.dir/DependInfo.cmake:10)"
    classname="nuslam.lint_cmake"
  >
      <failure message="Mismatching spaces inside () after command"/>
  </testcase>
  <testcase
    name="whitespace/mismatch (build/CMakeFiles/ExperimentalConfigure.dir/DependInfo.cmake:14)"
    classname="nuslam.lint_cmake"
  >
      <failure message="Mismatching spaces inside () after command"/>
  </testcase>
  <testcase
    name="whitespace/mismatch (build/CMakeFiles/ExperimentalConfigure.dir/cmake_clean.cmake:6)"
    classname="nuslam.lint_cmake"
  >
      <failure message="Mismatching spaces inside () after command"/>
  </testcase>
  <testcase
    name="whitespace/mismatch (build/CMakeFiles/ExperimentalCoverage.dir/DependInfo.cmake:6)"
    classname="nuslam.lint_cmake"
  >
      <failure message="Mismatching spaces inside () after command"/>
  </testcase>
  <testcase
    name="whitespace/mismatch (build/CMakeFiles/ExperimentalCoverage.dir/DependInfo.cmake:10)"
    classname="nuslam.lint_cmake"
  >
      <failure message="Mismatching spaces inside () after command"/>
  </testcase>
  <testcase
    name="whitespace/mismatch (build/CMakeFiles/ExperimentalCoverage.dir/DependInfo.cmake:14)"
    classname="nuslam.lint_cmake"
  >
      <failure message="Mismatching spaces inside () after command"/>
  </testcase>
  <testcase
    name="whitespace/mismatch (build/CMakeFiles/ExperimentalCoverage.dir/cmake_clean.cmake:6)"
    classname="nuslam.lint_cmake"
  >
      <failure message="Mismatching spaces inside () after command"/>
  </testcase>
  <testcase
    name="whitespace/mismatch (build/CMakeFiles/ExperimentalMemCheck.dir/DependInfo.cmake:6)"
    classname="nuslam.lint_cmake"
  >
      <failure message="Mismatching spaces inside () after command"/>
  </testcase>
  <testcase
    name="whitespace/mismatch (build/CMakeFiles/ExperimentalMemCheck.dir/DependInfo.cmake:10)"
    classname="nuslam.lint_cmake"
  >
      <failure message="Mismatching spaces inside () after command"/>
  </testcase>
  <testcase
    name="whitespace/mismatch (build/CMakeFiles/ExperimentalMemCheck.dir/DependInfo.cmake:14)"
    classname="nuslam.lint_cmake"
  >
      <failure message="Mismatching spaces inside () after command"/>
  </testcase>
  <testcase
    name="whitespace/mismatch (build/CMakeFiles/ExperimentalMemCheck.dir/cmake_clean.cmake:6)"
    classname="nuslam.lint_cmake"
  >
      <failure message="Mismatching spaces inside () after command"/>
  </testcase>
  <testcase
    name="whitespace/mismatch (build/CMakeFiles/ExperimentalStart.dir/DependInfo.cmake:6)"
    classname="nuslam.lint_cmake"
  >
      <failure message="Mismatching spaces inside () after command"/>
  </testcase>
  <testcase
    name="whitespace/mismatch (build/CMakeFiles/ExperimentalStart.dir/DependInfo.cmake:10)"
    classname="nuslam.lint_cmake"
  >
      <failure message="Mismatching spaces inside () after command"/>
  </testcase>
  <testcase
    name="whitespace/mismatch (build/CMakeFiles/ExperimentalStart.dir/DependInfo.cmake:14)"
    classname="nuslam.lint_cmake"
  >
      <failure message="Mismatching spaces inside () after command"/>
  </testcase>
  <testcase
    name="whitespace/mismatch (build/CMakeFiles/ExperimentalStart.dir/cmake_clean.cmake:6)"
    classname="nuslam.lint_cmake"
  >
      <failure message="Mismatching spaces inside () after command"/>
  </testcase>
  <testcase
    name="whitespace/mismatch (build/CMakeFiles/ExperimentalSubmit.dir/DependInfo.cmake:6)"
    classname="nuslam.lint_cmake"
  >
      <failure message="Mismatching spaces inside () after command"/>
  </testcase>
  <testcase
    name="whitespace/mismatch (build/CMakeFiles/ExperimentalSubmit.dir/DependInfo.cmake:10)"
    classname="nuslam.lint_cmake"
  >
      <failure message="Mismatching spaces inside () after command"/>
  </testcase>
  <testcase
    name="whitespace/mismatch (build/CMakeFiles/ExperimentalSubmit.dir/DependInfo.cmake:14)"
    classname="nuslam.lint_cmake"
  >
      <failure message="Mismatching spaces inside () after command"/>
  </testcase>
  <testcase
    name="whitespace/mismatch (build/CMakeFiles/ExperimentalSubmit.dir/cmake_clean.cmake:6)"
    classname="nuslam.lint_cmake"
  >
      <failure message="Mismatching spaces inside () after command"/>
  </testcase>
  <testcase
    name="whitespace/mismatch (build/CMakeFiles/ExperimentalTest.dir/DependInfo.cmake:6)"
    classname="nuslam.lint_cmake"
  >
      <failure message="Mismatching spaces inside () after command"/>
  </testcase>
  <testcase
    name="whitespace/mismatch (build/CMakeFiles/ExperimentalTest.dir/DependInfo.cmake:10)"
    classname="nuslam.lint_cmake"
  >
      <failure message="Mismatching spaces inside () after command"/>
  </testcase>
  <testcase
    name="whitespace/mismatch (build/CMakeFiles/ExperimentalTest.dir/DependInfo.cmake:14)"
    classname="nuslam.lint_cmake"
  >
      <failure message="Mismatching spaces inside () after command"/>
  </testcase>
  <testcase
    name="whitespace/mismatch (build/CMakeFiles/ExperimentalTest.dir/cmake_clean.cmake:6)"
    classname="nuslam.lint_cmake"
  >
      <failure message="Mismatching spaces inside () after command"/>
  </testcase>
  <testcase
    name="whitespace/mismatch (build/CMakeFiles/ExperimentalUpdate.dir/DependInfo.cmake:6)"
    classname="nuslam.lint_cmake"
  >
      <failure message="Mismatching spaces inside () after command"/>
  </testcase>
  <testcase
    name="whitespace/mismatch (build/CMakeFiles/ExperimentalUpdate.dir/DependInfo.cmake:10)"
    classname="nuslam.lint_cmake"
  >
      <failure message="Mismatching spaces inside () after command"/>
  </testcase>
  <testcase
    name="whitespace/mismatch (build/CMakeFiles/ExperimentalUpdate.dir/DependInfo.cmake:14)"
    classname="nuslam.lint_cmake"
  >
      <failure message="Mismatching spaces inside () after command"/>
  </testcase>
  <testcase
    name="whitespace/mismatch (build/CMakeFiles/ExperimentalUpdate.dir/cmake_clean.cmake:6)"
    classname="nuslam.lint_cmake"
  >
      <failure message="Mismatching spaces inside () after command"/>
  </testcase>
  <testcase
    name="whitespace/mismatch (build/CMakeFiles/Nightly.dir/DependInfo.cmake:6)"
    classname="nuslam.lint_cmake"
  >
      <failure message="Mismatching spaces inside () after command"/>
  </testcase>
  <testcase
    name="whitespace/mismatch (build/CMakeFiles/Nightly.dir/DependInfo.cmake:10)"
    classname="nuslam.lint_cmake"
  >
      <failure message="Mismatching spaces inside () after command"/>
  </testcase>
  <testcase
    name="whitespace/mismatch (build/CMakeFiles/Nightly.dir/DependInfo.cmake:14)"
    classname="nuslam.lint_cmake"
  >
      <failure message="Mismatching spaces inside () after command"/>
  </testcase>
  <testcase
    name="whitespace/mismatch (build/CMakeFiles/Nightly.dir/cmake_clean.cmake:6)"
    classname="nuslam.lint_cmake"
  >
      <failure message="Mismatching spaces inside () after command"/>
  </testcase>
  <testcase
    name="whitespace/mismatch (build/CMakeFiles/NightlyBuild.dir/DependInfo.cmake:6)"
    classname="nuslam.lint_cmake"
  >
      <failure message="Mismatching spaces inside () after command"/>
  </testcase>
  <testcase
    name="whitespace/mismatch (build/CMakeFiles/NightlyBuild.dir/DependInfo.cmake:10)"
    classname="nuslam.lint_cmake"
  >
      <failure message="Mismatching spaces inside () after command"/>
  </testcase>
  <testcase
    name="whitespace/mismatch (build/CMakeFiles/NightlyBuild.dir/DependInfo.cmake:14)"
    classname="nuslam.lint_cmake"
  >
      <failure message="Mismatching spaces inside () after command"/>
  </testcase>
  <testcase
    name="whitespace/mismatch (build/CMakeFiles/NightlyBuild.dir/cmake_clean.cmake:6)"
    classname="nuslam.lint_cmake"
  >
      <failure message="Mismatching spaces inside () after command"/>
  </testcase>
  <testcase
    name="whitespace/mismatch (build/CMakeFiles/NightlyConfigure.dir/DependInfo.cmake:6)"
    classname="nuslam.lint_cmake"
  >
      <failure message="Mismatching spaces inside () after command"/>
  </testcase>
  <testcase
    name="whitespace/mismatch (build/CMakeFiles/NightlyConfigure.dir/DependInfo.cmake:10)"
    classname="nuslam.lint_cmake"
  >
      <failure message="Mismatching spaces inside () after command"/>
  </testcase>
  <testcase
    name="whitespace/mismatch (build/CMakeFiles/NightlyConfigure.dir/DependInfo.cmake:14)"
    classname="nuslam.lint_cmake"
  >
      <failure message="Mismatching spaces inside () after command"/>
  </testcase>
  <testcase
    name="whitespace/mismatch (build/CMakeFiles/NightlyConfigure.dir/cmake_clean.cmake:6)"
    classname="nuslam.lint_cmake"
  >
      <failure message="Mismatching spaces inside () after command"/>
  </testcase>
  <testcase
    name="whitespace/mismatch (build/CMakeFiles/NightlyCoverage.dir/DependInfo.cmake:6)"
    classname="nuslam.lint_cmake"
  >
      <failure message="Mismatching spaces inside () after command"/>
  </testcase>
  <testcase
    name="whitespace/mismatch (build/CMakeFiles/NightlyCoverage.dir/DependInfo.cmake:10)"
    classname="nuslam.lint_cmake"
  >
      <failure message="Mismatching spaces inside () after command"/>
  </testcase>
  <testcase
    name="whitespace/mismatch (build/CMakeFiles/NightlyCoverage.dir/DependInfo.cmake:14)"
    classname="nuslam.lint_cmake"
  >
      <failure message="Mismatching spaces inside () after command"/>
  </testcase>
  <testcase
    name="whitespace/mismatch (build/CMakeFiles/NightlyCoverage.dir/cmake_clean.cmake:6)"
    classname="nuslam.lint_cmake"
  >
      <failure message="Mismatching spaces inside () after command"/>
  </testcase>
  <testcase
    name="whitespace/mismatch (build/CMakeFiles/NightlyMemCheck.dir/DependInfo.cmake:6)"
    classname="nuslam.lint_cmake"
  >
      <failure message="Mismatching spaces inside () after command"/>
  </testcase>
  <testcase
    name="whitespace/mismatch (build/CMakeFiles/NightlyMemCheck.dir/DependInfo.cmake:10)"
    classname="nuslam.lint_cmake"
  >
      <failure message="Mismatching spaces inside () after command"/>
  </testcase>
  <testcase
    name="whitespace/mismatch (build/CMakeFiles/NightlyMemCheck.dir/DependInfo.cmake:14)"
    classname="nuslam.lint_cmake"
  >
      <failure message="Mismatching spaces inside () after command"/>
  </testcase>
  <testcase
    name="whitespace/mismatch (build/CMakeFiles/NightlyMemCheck.dir/cmake_clean.cmake:6)"
    classname="nuslam.lint_cmake"
  >
      <failure message="Mismatching spaces inside () after command"/>
  </testcase>
  <testcase
    name="whitespace/mismatch (build/CMakeFiles/NightlyMemoryCheck.dir/DependInfo.cmake:6)"
    classname="nuslam.lint_cmake"
  >
      <failure message="Mismatching spaces inside () after command"/>
  </testcase>
  <testcase
    name="whitespace/mismatch (build/CMakeFiles/NightlyMemoryCheck.dir/DependInfo.cmake:10)"
    classname="nuslam.lint_cmake"
  >
      <failure message="Mismatching spaces inside () after command"/>
  </testcase>
  <testcase
    name="whitespace/mismatch (build/CMakeFiles/NightlyMemoryCheck.dir/DependInfo.cmake:14)"
    classname="nuslam.lint_cmake"
  >
      <failure message="Mismatching spaces inside () after command"/>
  </testcase>
  <testcase
    name="whitespace/mismatch (build/CMakeFiles/NightlyMemoryCheck.dir/cmake_clean.cmake:6)"
    classname="nuslam.lint_cmake"
  >
      <failure message="Mismatching spaces inside () after command"/>
  </testcase>
  <testcase
    name="whitespace/mismatch (build/CMakeFiles/NightlyStart.dir/DependInfo.cmake:6)"
    classname="nuslam.lint_cmake"
  >
      <failure message="Mismatching spaces inside () after command"/>
  </testcase>
  <testcase
    name="whitespace/mismatch (build/CMakeFiles/NightlyStart.dir/DependInfo.cmake:10)"
    classname="nuslam.lint_cmake"
  >
      <failure message="Mismatching spaces inside () after command"/>
  </testcase>
  <testcase
    name="whitespace/mismatch (build/CMakeFiles/NightlyStart.dir/DependInfo.cmake:14)"
    classname="nuslam.lint_cmake"
  >
      <failure message="Mismatching spaces inside () after command"/>
  </testcase>
  <testcase
    name="whitespace/mismatch (build/CMakeFiles/NightlyStart.dir/cmake_clean.cmake:6)"
    classname="nuslam.lint_cmake"
  >
      <failure message="Mismatching spaces inside () after command"/>
  </testcase>
  <testcase
    name="whitespace/mismatch (build/CMakeFiles/NightlySubmit.dir/DependInfo.cmake:6)"
    classname="nuslam.lint_cmake"
  >
      <failure message="Mismatching spaces inside () after command"/>
  </testcase>
  <testcase
    name="whitespace/mismatch (build/CMakeFiles/NightlySubmit.dir/DependInfo.cmake:10)"
    classname="nuslam.lint_cmake"
  >
      <failure message="Mismatching spaces inside () after command"/>
  </testcase>
  <testcase
    name="whitespace/mismatch (build/CMakeFiles/NightlySubmit.dir/DependInfo.cmake:14)"
    classname="nuslam.lint_cmake"
  >
      <failure message="Mismatching spaces inside () after command"/>
  </testcase>
  <testcase
    name="whitespace/mismatch (build/CMakeFiles/NightlySubmit.dir/cmake_clean.cmake:6)"
    classname="nuslam.lint_cmake"
  >
      <failure message="Mismatching spaces inside () after command"/>
  </testcase>
  <testcase
    name="whitespace/mismatch (build/CMakeFiles/NightlyTest.dir/DependInfo.cmake:6)"
    classname="nuslam.lint_cmake"
  >
      <failure message="Mismatching spaces inside () after command"/>
  </testcase>
  <testcase
    name="whitespace/mismatch (build/CMakeFiles/NightlyTest.dir/DependInfo.cmake:10)"
    classname="nuslam.lint_cmake"
  >
      <failure message="Mismatching spaces inside () after command"/>
  </testcase>
  <testcase
    name="whitespace/mismatch (build/CMakeFiles/NightlyTest.dir/DependInfo.cmake:14)"
    classname="nuslam.lint_cmake"
  >
      <failure message="Mismatching spaces inside () after command"/>
  </testcase>
  <testcase
    name="whitespace/mismatch (build/CMakeFiles/NightlyTest.dir/cmake_clean.cmake:6)"
    classname="nuslam.lint_cmake"
  >
      <failure message="Mismatching spaces inside () after command"/>
  </testcase>
  <testcase
    name="whitespace/mismatch (build/CMakeFiles/NightlyUpdate.dir/DependInfo.cmake:6)"
    classname="nuslam.lint_cmake"
  >
      <failure message="Mismatching spaces inside () after command"/>
  </testcase>
  <testcase
    name="whitespace/mismatch (build/CMakeFiles/NightlyUpdate.dir/DependInfo.cmake:10)"
    classname="nuslam.lint_cmake"
  >
      <failure message="Mismatching spaces inside () after command"/>
  </testcase>
  <testcase
    name="whitespace/mismatch (build/CMakeFiles/NightlyUpdate.dir/DependInfo.cmake:14)"
    classname="nuslam.lint_cmake"
  >
      <failure message="Mismatching spaces inside () after command"/>
  </testcase>
  <testcase
    name="whitespace/mismatch (build/CMakeFiles/NightlyUpdate.dir/cmake_clean.cmake:6)"
    classname="nuslam.lint_cmake"
  >
      <failure message="Mismatching spaces inside () after command"/>
  </testcase>
  <testcase
    name="whitespace/mismatch (build/CMakeFiles/circle_tests.dir/DependInfo.cmake:6)"
    classname="nuslam.lint_cmake"
  >
      <failure message="Mismatching spaces inside () after command"/>
  </testcase>
  <testcase
    name="whitespace/mismatch (build/CMakeFiles/circle_tests.dir/DependInfo.cmake:10)"
    classname="nuslam.lint_cmake"
  >
      <failure message="Mismatching spaces inside () after command"/>
  </testcase>
  <testcase
    name="whitespace/mismatch (build/CMakeFiles/circle_tests.dir/DependInfo.cmake:15)"
    classname="nuslam.lint_cmake"
  >
      <failure message="Mismatching spaces inside () after command"/>
  </testcase>
  <testcase
    name="build/CMakeFiles/circle_tests.dir/cmake_clean.cmake"
    classname="nuslam.lint_cmake"/>
  <testcase
    name="whitespace/mismatch (build/CMakeFiles/landmarks.dir/DependInfo.cmake:6)"
    classname="nuslam.lint_cmake"
  >
      <failure message="Mismatching spaces inside () after command"/>
  </testcase>
  <testcase
    name="whitespace/mismatch (build/CMakeFiles/landmarks.dir/DependInfo.cmake:10)"
    classname="nuslam.lint_cmake"
  >
      <failure message="Mismatching spaces inside () after command"/>
  </testcase>
  <testcase
    name="whitespace/mismatch (build/CMakeFiles/landmarks.dir/DependInfo.cmake:15)"
    classname="nuslam.lint_cmake"
  >
      <failure message="Mismatching spaces inside () after command"/>
  </testcase>
  <testcase
    name="build/CMakeFiles/landmarks.dir/cmake_clean.cmake"
    classname="nuslam.lint_cmake"/>
  <testcase
    name="whitespace/mismatch (build/CMakeFiles/nuslam.dir/DependInfo.cmake:6)"
    classname="nuslam.lint_cmake"
  >
      <failure message="Mismatching spaces inside () after command"/>
  </testcase>
  <testcase
    name="whitespace/mismatch (build/CMakeFiles/nuslam.dir/DependInfo.cmake:10)"
    classname="nuslam.lint_cmake"
  >
      <failure message="Mismatching spaces inside () after command"/>
  </testcase>
  <testcase
    name="whitespace/mismatch (build/CMakeFiles/nuslam.dir/DependInfo.cmake:15)"
    classname="nuslam.lint_cmake"
  >
      <failure message="Mismatching spaces inside () after command"/>
  </testcase>
  <testcase
    name="build/CMakeFiles/nuslam.dir/cmake_clean.cmake"
    classname="nuslam.lint_cmake"/>
  <testcase
    name="whitespace/mismatch (build/CMakeFiles/nuslam_uninstall.dir/DependInfo.cmake:6)"
    classname="nuslam.lint_cmake"
  >
      <failure message="Mismatching spaces inside () after command"/>
  </testcase>
  <testcase
    name="whitespace/mismatch (build/CMakeFiles/nuslam_uninstall.dir/DependInfo.cmake:10)"
    classname="nuslam.lint_cmake"
  >
      <failure message="Mismatching spaces inside () after command"/>
  </testcase>
  <testcase
    name="whitespace/mismatch (build/CMakeFiles/nuslam_uninstall.dir/DependInfo.cmake:14)"
    classname="nuslam.lint_cmake"
  >
      <failure message="Mismatching spaces inside () after command"/>
  </testcase>
  <testcase
    name="whitespace/mismatch (build/CMakeFiles/nuslam_uninstall.dir/cmake_clean.cmake:6)"
    classname="nuslam.lint_cmake"
  >
      <failure message="Mismatching spaces inside () after command"/>
  </testcase>
  <testcase
    name="whitespace/mismatch (build/CMakeFiles/uninstall.dir/DependInfo.cmake:6)"
    classname="nuslam.lint_cmake"
  >
      <failure message="Mismatching spaces inside () after command"/>
  </testcase>
  <testcase
    name="whitespace/mismatch (build/CMakeFiles/uninstall.dir/DependInfo.cmake:10)"
    classname="nuslam.lint_cmake"
  >
      <failure message="Mismatching spaces inside () after command"/>
  </testcase>
  <testcase
    name="whitespace/mismatch (build/CMakeFiles/uninstall.dir/DependInfo.cmake:14)"
    classname="nuslam.lint_cmake"
  >
      <failure message="Mismatching spaces inside () after command"/>
  </testcase>
  <testcase
    name="whitespace/mismatch (build/CMakeFiles/uninstall.dir/cmake_clean.cmake:3)"
    classname="nuslam.lint_cmake"
  >
      <failure message="Mismatching spaces inside () after command"/>
  </testcase>
  <testcase
    name="build/ament_cmake_core/nuslamConfig-version.cmake"
    classname="nuslam.lint_cmake"/>
  <testcase
    name="build/ament_cmake_core/nuslamConfig.cmake"
    classname="nuslam.lint_cmake"/>
  <testcase
    name="linelength (build/ament_cmake_core/package.cmake:4)"
    classname="nuslam.lint_cmake"
  >
      <failure message="Lines should be &lt;= 140 characters long"/>
  </testcase>
  <testcase
    name="linelength (build/ament_cmake_core/package.cmake:6)"
    classname="nuslam.lint_cmake"
  >
      <failure message="Lines should be &lt;= 140 characters long"/>
  </testcase>
  <testcase
    name="whitespace/mismatch (build/ament_cmake_core/package.cmake:7)"
    classname="nuslam.lint_cmake"
  >
      <failure message="Mismatching spaces inside () after command"/>
  </testcase>
  <testcase
    name="linelength (build/ament_cmake_core/package.cmake:8)"
    classname="nuslam.lint_cmake"
  >
      <failure message="Lines should be &lt;= 140 characters long"/>
  </testcase>
  <testcase
    name="whitespace/mismatch (build/ament_cmake_core/package.cmake:10)"
    classname="nuslam.lint_cmake"
  >
      <failure message="Mismatching spaces inside () after command"/>
  </testcase>
  <testcase
    name="whitespace/mismatch (build/ament_cmake_core/package.cmake:11)"
    classname="nuslam.lint_cmake"
  >
      <failure message="Mismatching spaces inside () after command"/>
  </testcase>
  <testcase
    name="linelength (build/ament_cmake_package_templates/templates.cmake:1)"
    classname="nuslam.lint_cmake"
  >
      <failure message="Lines should be &lt;= 140 characters long"/>
  </testcase>
  <testcase
    name="linelength (build/ament_cmake_package_templates/templates.cmake:2)"
    classname="nuslam.lint_cmake"
  >
      <failure message="Lines should be &lt;= 140 characters long"/>
  </testcase>
  <testcase
    name="linelength (build/ament_cmake_package_templates/templates.cmake:4)"
    classname="nuslam.lint_cmake"
  >
      <failure message="Lines should be &lt;= 140 characters long"/>
  </testcase>
  <testcase
    name="linelength (build/ament_cmake_package_templates/templates.cmake:5)"
    classname="nuslam.lint_cmake"
  >
      <failure message="Lines should be &lt;= 140 characters long"/>
  </testcase>
  <testcase
    name="linelength (build/ament_cmake_package_templates/templates.cmake:6)"
    classname="nuslam.lint_cmake"
  >
      <failure message="Lines should be &lt;= 140 characters long"/>
  </testcase>
  <testcase
    name="linelength (build/ament_cmake_package_templates/templates.cmake:8)"
    classname="nuslam.lint_cmake"
  >
      <failure message="Lines should be &lt;= 140 characters long"/>
  </testcase>
  <testcase
    name="linelength (build/ament_cmake_package_templates/templates.cmake:9)"
    classname="nuslam.lint_cmake"
  >
      <failure message="Lines should be &lt;= 140 characters long"/>
  </testcase>
  <testcase
    name="linelength (build/ament_cmake_package_templates/templates.cmake:10)"
    classname="nuslam.lint_cmake"
  >
      <failure message="Lines should be &lt;= 140 characters long"/>
  </testcase>
  <testcase
    name="linelength (build/ament_cmake_package_templates/templates.cmake:11)"
    classname="nuslam.lint_cmake"
  >
      <failure message="Lines should be &lt;= 140 characters long"/>
  </testcase>
  <testcase
    name="linelength (build/ament_cmake_package_templates/templates.cmake:12)"
    classname="nuslam.lint_cmake"
  >
      <failure message="Lines should be &lt;= 140 characters long"/>
  </testcase>
  <testcase
    name="linelength (build/ament_cmake_package_templates/templates.cmake:13)"
    classname="nuslam.lint_cmake"
  >
      <failure message="Lines should be &lt;= 140 characters long"/>
  </testcase>
  <testcase
    name="linelength (build/ament_cmake_package_templates/templates.cmake:14)"
    classname="nuslam.lint_cmake"
  >
      <failure message="Lines should be &lt;= 140 characters long"/>
  </testcase>
  <testcase
    name="build/ament_cmake_uninstall_target/ament_cmake_uninstall_target.cmake"
    classname="nuslam.lint_cmake"/>
  <system-out>Checked files:
* CMakeLists.txt
* build/CTestCustom.cmake
* build/CTestTestfile.cmake
* build/cmake_install.cmake
* build/CMakeFiles/CMakeDirectoryInformation.cmake
* build/CMakeFiles/Makefile.cmake
* build/CMakeFiles/3.22.1/CMakeCCompiler.cmake
* build/CMakeFiles/3.22.1/CMakeCXXCompiler.cmake
* build/CMakeFiles/3.22.1/CMakeSystem.cmake
* build/CMakeFiles/Continuous.dir/DependInfo.cmake
* build/CMakeFiles/Continuous.dir/cmake_clean.cmake
* build/CMakeFiles/ContinuousBuild.dir/DependInfo.cmake
* build/CMakeFiles/ContinuousBuild.dir/cmake_clean.cmake
* build/CMakeFiles/ContinuousConfigure.dir/DependInfo.cmake
* build/CMakeFiles/ContinuousConfigure.dir/cmake_clean.cmake
* build/CMakeFiles/ContinuousCoverage.dir/DependInfo.cmake
* build/CMakeFiles/ContinuousCoverage.dir/cmake_clean.cmake
* build/CMakeFiles/ContinuousMemCheck.dir/DependInfo.cmake
* build/CMakeFiles/ContinuousMemCheck.dir/cmake_clean.cmake
* build/CMakeFiles/ContinuousStart.dir/DependInfo.cmake
* build/CMakeFiles/ContinuousStart.dir/cmake_clean.cmake
* build/CMakeFiles/ContinuousSubmit.dir/DependInfo.cmake
* build/CMakeFiles/ContinuousSubmit.dir/cmake_clean.cmake
* build/CMakeFiles/ContinuousTest.dir/DependInfo.cmake
* build/CMakeFiles/ContinuousTest.dir/cmake_clean.cmake
* build/CMakeFiles/ContinuousUpdate.dir/DependInfo.cmake
* build/CMakeFiles/ContinuousUpdate.dir/cmake_clean.cmake
* build/CMakeFiles/Experimental.dir/DependInfo.cmake
* build/CMakeFiles/Experimental.dir/cmake_clean.cmake
* build/CMakeFiles/ExperimentalBuild.dir/DependInfo.cmake
* build/CMakeFiles/ExperimentalBuild.dir/cmake_clean.cmake
* build/CMakeFiles/ExperimentalConfigure.dir/DependInfo.cmake
* build/CMakeFiles/ExperimentalConfigure.dir/cmake_clean.cmake
* build/CMakeFiles/ExperimentalCoverage.dir/DependInfo.cmake
* build/CMakeFiles/ExperimentalCoverage.dir/cmake_clean.cmake
* build/CMakeFiles/ExperimentalMemCheck.dir/DependInfo.cmake
* build/CMakeFiles/ExperimentalMemCheck.dir/cmake_clean.cmake
* build/CMakeFiles/ExperimentalStart.dir/DependInfo.cmake
* build/CMakeFiles/ExperimentalStart.dir/cmake_clean.cmake
* build/CMakeFiles/ExperimentalSubmit.dir/DependInfo.cmake
* build/CMakeFiles/ExperimentalSubmit.dir/cmake_clean.cmake
* build/CMakeFiles/ExperimentalTest.dir/DependInfo.cmake
* build/CMakeFiles/ExperimentalTest.dir/cmake_clean.cmake
* build/CMakeFiles/ExperimentalUpdate.dir/DependInfo.cmake
* build/CMakeFiles/ExperimentalUpdate.dir/cmake_clean.cmake
* build/CMakeFiles/Nightly.dir/DependInfo.cmake
* build/CMakeFiles/Nightly.dir/cmake_clean.cmake
* build/CMakeFiles/NightlyBuild.dir/DependInfo.cmake
* build/CMakeFiles/NightlyBuild.dir/cmake_clean.cmake
* build/CMakeFiles/NightlyConfigure.dir/DependInfo.cmake
* build/CMakeFiles/NightlyConfigure.dir/cmake_clean.cmake
* build/CMakeFiles/NightlyCoverage.dir/DependInfo.cmake
* build/CMakeFiles/NightlyCoverage.dir/cmake_clean.cmake
* build/CMakeFiles/NightlyMemCheck.dir/DependInfo.cmake
* build/CMakeFiles/NightlyMemCheck.dir/cmake_clean.cmake
* build/CMakeFiles/NightlyMemoryCheck.dir/DependInfo.cmake
* build/CMakeFiles/NightlyMemoryCheck.dir/cmake_clean.cmake
* build/CMakeFiles/NightlyStart.dir/DependInfo.cmake
* build/CMakeFiles/NightlyStart.dir/cmake_clean.cmake
* build/CMakeFiles/NightlySubmit.dir/DependInfo.cmake
* build/CMakeFiles/NightlySubmit.dir/cmake_clean.cmake
* build/CMakeFiles/NightlyTest.dir/DependInfo.cmake
* build/CMakeFiles/NightlyTest.dir/cmake_clean.cmake
* build/CMakeFiles/NightlyUpdate.dir/DependInfo.cmake
* build/CMakeFiles/NightlyUpdate.dir/cmake_clean.cmake
* build/CMakeFiles/circle_tests.dir/DependInfo.cmake
* build/CMakeFiles/circle_tests.dir/cmake_clean.cmake
* build/CMakeFiles/landmarks.dir/DependInfo.cmake
* build/CMakeFiles/landmarks.dir/cmake_clean.cmake
* build/CMakeFiles/nuslam.dir/DependInfo.cmake
* build/CMakeFiles/nuslam.dir/cmake_clean.cmake
* build/CMakeFiles/nuslam_uninstall.dir/DependInfo.cmake
* build/CMakeFiles/nuslam_uninstall.dir/cmake_clean.cmake
* build/CMakeFiles/uninstall.dir/DependInfo.cmake
* build/CMakeFiles/uninstall.dir/cmake_clean.cmake
* build/ament_cmake_core/nuslamConfig-version.cmake
* build/ament_cmake_core/nuslamConfig.cmake
* build/ament_cmake_core/package.cmake
* build/ament_cmake_package_templates/templates.cmake
* build/ament_cmake_uninstall_target/ament_cmake_uninstall_target.cmake</system-out>
</testsuite>
